This is LuaHBTeX, Version 1.12.0 (TeX Live 2020/Arch Linux)  (format=lualatex 2021.4.5)  28 JUN 2021 14:58
 restricted system commands enabled.
 file:line:error style messages enabled.
**\newif\ifhandout\handoutfalse \newif\ifwacom\wacomfalse \input coursinfo-spec
ific_header.tex
Lua module: luaotfload-main 2020-09-02 3.15 luaotfload entry point
Lua module: luaotfload-init 2020-09-02 3.15 luaotfload submodule / initialization
Lua module: lualibs 2020-08-31 2.72 ConTeXt Lua standard libraries.
Lua module: lualibs-extended 2020-08-31 2.72 ConTeXt Lua libraries -- extended collection.
Lua module: luaotfload-log 2020-09-02 3.15 luaotfload submodule / logging
Lua module: luaotfload-parsers 2020-09-02 3.15 luaotfload submodule / parsers
Lua module: luaotfload-configuration 2020-09-02 3.15 luaotfload submodule / config file reader
luaotfload | conf : Root cache directory is "/home/taurgal/.texlive/texmf-var/luatex-cache/generic/names".
luaotfload | init : Loading fontloader "fontloader-2020-08-31.lua" from kpse-resolved path "/usr/share/texmf-dist/tex/luatex/luaotfload/fontloader-2020-08-31.lua".
Lua-only attribute luaotfload@noligature = 1
Lua-only attribute luaotfload@syllabe = 2
luaotfload | init : Context OpenType loader version 0x1.8e353f7ced917p+1
Lua module: luaotfload-fallback 2020-09-02 3.15 luaotfload submodule / fallback
Lua module: luaotfload-multiscript 2020-09-02 3.15 luaotfload submodule / multiscript
Lua module: luaotfload-script 2020-09-02 3.15 luaotfload submodule / Script helpers
Inserting `luaotfload.node_processor' at position 1 in `pre_linebreak_filter'.
Inserting `luaotfload.node_processor' at position 1 in `hpack_filter'.
Inserting `luaotfload.glyph_stream' at position 1 in `glyph_stream_provider'.
Lua module: luaotfload-loaders 2020-09-02 3.15 luaotfload submodule / callback handling
Inserting `luaotfload.define_font' at position 1 in `define_font'.
Lua module: luaotfload-database 2020-09-02 3.15 luaotfload submodule / database
Lua module: luaotfload-unicode 2020-09-02 3.15 luaotfload submodule / Unicode helpers
Lua module: luaotfload-colors 2020-09-02 3.15 luaotfload submodule / color
Lua-only attribute luaotfload_color_attribute = 3
Lua module: luaotfload-resolvers 2020-09-02 3.15 luaotfload submodule / resolvers
luaotfload | conf : Root cache directory is "/home/taurgal/.texlive/texmf-var/luatex-cache/generic/names".
Lua module: luaotfload-features 2020-09-02 3.15 luaotfload submodule / features
Lua module: luaotfload-harf-define 2020-09-02 3.15 luaotfload submodule / HarfBuzz font loading
Inserting `luaotfload.harf.strip_prefix' at position 1 in `find_opentype_file'.
Inserting `luaotfload.harf.strip_prefix' at position 1 in `find_truetype_file'.
Lua module: luaotfload-harf-plug 2020-09-02 3.15 luaotfload submodule / HarfBuzz shaping
Inserting `Harf pre_output_filter callback' at position 1 in `pre_output_filter'.
Inserting `Harf wrapup_run callback' at position 1 in `wrapup_run'.
Inserting `Harf finish_pdffile callback' at position 1 in `finish_pdffile'.
Inserting `Harf glyph_info callback' at position 1 in `glyph_info'.
Lua module: luaotfload-letterspace 2020-09-02 3.15 luaotfload submodule / letterspacing
Lua module: luaotfload-embolden 2020-09-02 3.15 luaotfload submodule / embolden
Lua module: luaotfload-notdef 2020-09-02 3.15 luaotfload submodule / notdef
Lua module: luaotfload-suppress 2020-09-02 3.15 luaotfload submodule / suppress
Lua module: luaotfload-szss 2020-09-02 3.15 luaotfload submodule / Special feature handling
Lua module: luaotfload-auxiliary 2020-09-02 3.15 luaotfload submodule / auxiliary functions
Inserting `luaotfload.aux.set_sscale_dimens' at position 1 in `luaotfload.patch_font'.
Inserting `luaotfload.aux.set_font_index' at position 2 in `luaotfload.patch_font'.
Inserting `luaotfload.aux.patch_cambria_domh' at position 3 in `luaotfload.patch_font'.
Inserting `luaotfload.aux.fixup_fontdata' at position 1 in `luaotfload.patch_font_unsafe'.
Inserting `luaotfload.aux.set_capheight' at position 4 in `luaotfload.patch_font'.
Inserting `luaotfload.aux.set_xheight' at position 5 in `luaotfload.patch_font'.
Lua module: luaotfload-tounicode 2020-09-02 3.15 luaotfload submodule / tounicode
Inserting `luaotfload.rewrite_fontname' at position 6 in `luaotfload.patch_font'.

(./coursinfo-specific_header.tex

./coursinfo-specific_header.tex:1: LaTeX Error: \usepackage before \documentcla
ss.

See the LaTeX manual or LaTeX Companion for explanation.
Type  H <return>  for immediate help.
 ...                                              
                                                  
l.1 ....0cm,left=1.2cm,right=1.2cm,headheight=13pt]{
                                                  geometry}
\usepackage may only appear in the document preamble, i.e.,
between \documentclass and \begin{document}.


./coursinfo-specific_header.tex:2: LaTeX Error: \usepackage before \documentcla
ss.

See the LaTeX manual or LaTeX Companion for explanation.
Type  H <return>  for immediate help.
 ...                                              
                                                  
l.2 \usepackage{
              environ}
\usepackage may only appear in the document preamble, i.e.,
between \documentclass and \begin{document}.

(./header_common.tex

./header_common.tex:1: LaTeX Error: \usepackage before \documentclass.

See the LaTeX manual or LaTeX Companion for explanation.
Type  H <return>  for immediate help.
 ...                                              
                                                  
l.1 \usepackage[utf8]{
                    luainputenc}%
\usepackage may only appear in the document preamble, i.e.,
between \documentclass and \begin{document}.


./header_common.tex:2: LaTeX Error: \usepackage before \documentclass.

See the LaTeX manual or LaTeX Companion for explanation.
Type  H <return>  for immediate help.
 ...                                              
                                                  
l.2 \usepackage{
              mathtools}
\usepackage may only appear in the document preamble, i.e.,
between \documentclass and \begin{document}.


./header_common.tex:3: LaTeX Error: \usepackage before \documentclass.

See the LaTeX manual or LaTeX Companion for explanation.
Type  H <return>  for immediate help.
 ...                                              
                                                  
l.3 \usepackage{
              amssymb}
\usepackage may only appear in the document preamble, i.e.,
between \documentclass and \begin{document}.


./header_common.tex:4: LaTeX Error: \usepackage before \documentclass.

See the LaTeX manual or LaTeX Companion for explanation.
Type  H <return>  for immediate help.
 ...                                              
                                                  
l.4 \usepackage{
              amsmath}
\usepackage may only appear in the document preamble, i.e.,
between \documentclass and \begin{document}.


./header_common.tex:5: LaTeX Error: \usepackage before \documentclass.

See the LaTeX manual or LaTeX Companion for explanation.
Type  H <return>  for immediate help.
 ...                                              
                                                  
l.5 \usepackage{
              ifluatex}
\usepackage may only appear in the document preamble, i.e.,
between \documentclass and \begin{document}.

./header_common.tex:6: Undefined control sequence.
l.6 \ifluatex
           %
The control sequence at the end of the top line
of your error message was never \def'ed. If you have
misspelled it (e.g., `\hobx'), type `I' and the correct
spelling (e.g., `I\hbox'). Otherwise just continue,
and I'll forget about whatever was undefined.


./header_common.tex:7: LaTeX Error: \usepackage before \documentclass.

See the LaTeX manual or LaTeX Companion for explanation.
Type  H <return>  for immediate help.
 ...                                              
                                                  
l.7 \usepackage{
              fontspec}
\usepackage may only appear in the document preamble, i.e.,
between \documentclass and \begin{document}.


./header_common.tex:8: LaTeX Error: \usepackage before \documentclass.

See the LaTeX manual or LaTeX Companion for explanation.
Type  H <return>  for immediate help.
 ...                                              
                                                  
l.8 \usepackage{
              atveryend}
\usepackage may only appear in the document preamble, i.e.,
between \documentclass and \begin{document}.


./header_common.tex:9: LaTeX Error: \usepackage before \documentclass.

See the LaTeX manual or LaTeX Companion for explanation.
Type  H <return>  for immediate help.
 ...                                              
                                                  
l.9 \usepackage[normalem]{
                        ulem}
\usepackage may only appear in the document preamble, i.e.,
between \documentclass and \begin{document}.

./header_common.tex:11: Undefined control sequence.
l.11 \defaultfontfeatures
                       [EBGaramond]{Ligatures=TeX,Numbers={Lining,Proportion...
The control sequence at the end of the top line
of your error message was never \def'ed. If you have
misspelled it (e.g., `\hobx'), type `I' and the correct
spelling (e.g., `I\hbox'). Otherwise just continue,
and I'll forget about whatever was undefined.


./header_common.tex:11: LaTeX Error: Missing \begin{document}.

See the LaTeX manual or LaTeX Companion for explanation.
Type  H <return>  for immediate help.
 ...                                              
                                                  
l.11 \defaultfontfeatures[
                        EBGaramond]{Ligatures=TeX,Numbers={Lining,Proportion...
You're in trouble here.  Try typing  <return>  to proceed.
If that doesn't work, type  X <return>  to quit.

./header_common.tex:12: Undefined control sequence.
l.12 \setmainfont
               [
The control sequence at the end of the top line
of your error message was never \def'ed. If you have
misspelled it (e.g., `\hobx'), type `I' and the correct
spelling (e.g., `I\hbox'). Otherwise just continue,
and I'll forget about whatever was undefined.


./header_common.tex:19: LaTeX Error: \usepackage before \documentclass.

See the LaTeX manual or LaTeX Companion for explanation.
Type  H <return>  for immediate help.
 ...                                              
                                                  
l.19 \usepackage{
               unicode-math}
\usepackage may only appear in the document preamble, i.e.,
between \documentclass and \begin{document}.

./header_common.tex:23: Extra \else.
l.23 \else
        %
I'm ignoring this; it doesn't match any \if.


./header_common.tex:24: LaTeX Error: \usepackage before \documentclass.

See the LaTeX manual or LaTeX Companion for explanation.
Type  H <return>  for immediate help.
 ...                                              
                                                  
l.24   \usepackage[utf8]{
                       inputenc}%
\usepackage may only appear in the document preamble, i.e.,
between \documentclass and \begin{document}.

./header_common.tex:25: Extra \fi.
l.25 \fi
      
I'm ignoring this; it doesn't match any \if.


./header_common.tex:26: LaTeX Error: \usepackage before \documentclass.

See the LaTeX manual or LaTeX Companion for explanation.
Type  H <return>  for immediate help.
 ...                                              
                                                  
l.26 \usepackage{
               xcolor}
\usepackage may only appear in the document preamble, i.e.,
between \documentclass and \begin{document}.


./header_common.tex:27: LaTeX Error: \usepackage before \documentclass.

See the LaTeX manual or LaTeX Companion for explanation.
Type  H <return>  for immediate help.
 ...                                              
                                                  
l.27 \usepackage{
               dsfont}
\usepackage may only appear in the document preamble, i.e.,
between \documentclass and \begin{document}.


./header_common.tex:28: LaTeX Error: \usepackage before \documentclass.

See the LaTeX manual or LaTeX Companion for explanation.
Type  H <return>  for immediate help.
 ...                                              
                                                  
l.28 \usepackage{
               suffix}
\usepackage may only appear in the document preamble, i.e.,
between \documentclass and \begin{document}.


./header_common.tex:29: LaTeX Error: \usepackage before \documentclass.

See the LaTeX manual or LaTeX Companion for explanation.
Type  H <return>  for immediate help.
 ...                                              
                                                  
l.29 \usepackage{
               soul}
\usepackage may only appear in the document preamble, i.e.,
between \documentclass and \begin{document}.


./header_common.tex:31: LaTeX Error: \usepackage before \documentclass.

See the LaTeX manual or LaTeX Companion for explanation.
Type  H <return>  for immediate help.
 ...                                              
                                                  
l.31 \usepackage{
               expl3}
\usepackage may only appear in the document preamble, i.e.,
between \documentclass and \begin{document}.


./header_common.tex:32: LaTeX Error: \usepackage before \documentclass.

See the LaTeX manual or LaTeX Companion for explanation.
Type  H <return>  for immediate help.
 ...                                              
                                                  
l.32 \usepackage{
               etoolbox}
\usepackage may only appear in the document preamble, i.e.,
between \documentclass and \begin{document}.


./header_common.tex:33: LaTeX Error: \usepackage before \documentclass.

See the LaTeX manual or LaTeX Companion for explanation.
Type  H <return>  for immediate help.
 ...                                              
                                                  
l.33 \usepackage{
               xstring}
\usepackage may only appear in the document preamble, i.e.,
between \documentclass and \begin{document}.


./header_common.tex:34: LaTeX Error: \usepackage before \documentclass.

See the LaTeX manual or LaTeX Companion for explanation.
Type  H <return>  for immediate help.
 ...                                              
                                                  
l.34 \usepackage{
               xparse}
\usepackage may only appear in the document preamble, i.e.,
between \documentclass and \begin{document}.


Overfull \hbox (20.0pt too wide) in paragraph at lines 11--35
[][EBGaramond]Ligatures=TeX,Numbers=Lining,Proportional
 []


LaTeX3 Info: Defining command \derivative with sig. 'somgd()' on line 59.


./header_common.tex:59: LaTeX3 Error: Deprecated argument type 'g' for the comm
and '\derivative'
(LaTeX3)        requires xparse.

For immediate help type H <return>.
 ...                                              
                                                  
l.59 }
    

The letter 'g' specifies a known argument type that requires the xparse
package.

LaTeX will ignore this entire definition.



./header_common.tex:62: LaTeX Error: \usepackage before \documentclass.

See the LaTeX manual or LaTeX Companion for explanation.
Type  H <return>  for immediate help.
 ...                                              
                                                  
l.62 \usepackage[french]{
                       babel}
\usepackage may only appear in the document preamble, i.e.,
between \documentclass and \begin{document}.

./header_common.tex:63: Undefined control sequence.
l.63 \frenchbsetup
                {og = «, fg = »}
The control sequence at the end of the top line
of your error message was never \def'ed. If you have
misspelled it (e.g., `\hobx'), type `I' and the correct
spelling (e.g., `I\hbox'). Otherwise just continue,
and I'll forget about whatever was undefined.


./header_common.tex:63: LaTeX Error: Missing \begin{document}.

See the LaTeX manual or LaTeX Companion for explanation.
Type  H <return>  for immediate help.
 ...                                              
                                                  
l.63 \frenchbsetup{o
                  g = «, fg = »}
You're in trouble here.  Try typing  <return>  to proceed.
If that doesn't work, type  X <return>  to quit.


./header_common.tex:64: LaTeX Error: \usepackage before \documentclass.

See the LaTeX manual or LaTeX Companion for explanation.
Type  H <return>  for immediate help.
 ...                                              
                                                  
l.64 \usepackage[activate={
                         true,nocompatibility},final,tracking=true,babel=tru...
\usepackage may only appear in the document preamble, i.e.,
between \documentclass and \begin{document}.


Overfull \hbox (20.0pt too wide) in paragraph at lines 63--65
[]og
 []


./header_common.tex:77: LaTeX Error: \usepackage before \documentclass.

See the LaTeX manual or LaTeX Companion for explanation.
Type  H <return>  for immediate help.
 ...                                              
                                                  
l.77 \usepackage{
               ellipsis}
\usepackage may only appear in the document preamble, i.e.,
between \documentclass and \begin{document}.

./header_common.tex:78: Undefined control sequence.
l.78 \definecolor
               {ocre}{RGB}{243,102,25}
The control sequence at the end of the top line
of your error message was never \def'ed. If you have
misspelled it (e.g., `\hobx'), type `I' and the correct
spelling (e.g., `I\hbox'). Otherwise just continue,
and I'll forget about whatever was undefined.


./header_common.tex:78: LaTeX Error: Missing \begin{document}.

See the LaTeX manual or LaTeX Companion for explanation.
Type  H <return>  for immediate help.
 ...                                              
                                                  
l.78 \definecolor{o
                 cre}{RGB}{243,102,25}
You're in trouble here.  Try typing  <return>  to proceed.
If that doesn't work, type  X <return>  to quit.

./header_common.tex:79: Undefined control sequence.
l.79 \definecolor
               {teal}{RGB}{243,102,25}
The control sequence at the end of the top line
of your error message was never \def'ed. If you have
misspelled it (e.g., `\hobx'), type `I' and the correct
spelling (e.g., `I\hbox'). Otherwise just continue,
and I'll forget about whatever was undefined.

./header_common.tex:80: Undefined control sequence.
l.80 \definecolor
               {lightgreen}{RGB}{50,200,50}
The control sequence at the end of the top line
of your error message was never \def'ed. If you have
misspelled it (e.g., `\hobx'), type `I' and the correct
spelling (e.g., `I\hbox'). Otherwise just continue,
and I'll forget about whatever was undefined.


./header_common.tex:81: LaTeX Error: \usepackage before \documentclass.

See the LaTeX manual or LaTeX Companion for explanation.
Type  H <return>  for immediate help.
 ...                                              
                                                  
l.81 \usepackage{
               datenumber}
\usepackage may only appear in the document preamble, i.e.,
between \documentclass and \begin{document}.

./header_common.tex:82: Undefined control sequence.
l.82 \setstartyear
                {2000}
The control sequence at the end of the top line
of your error message was never \def'ed. If you have
misspelled it (e.g., `\hobx'), type `I' and the correct
spelling (e.g., `I\hbox'). Otherwise just continue,
and I'll forget about whatever was undefined.


./header_common.tex:83: LaTeX Error: \usepackage before \documentclass.

See the LaTeX manual or LaTeX Companion for explanation.
Type  H <return>  for immediate help.
 ...                                              
                                                  
l.83 \usepackage{
               titlecaps}
\usepackage may only appear in the document preamble, i.e.,
between \documentclass and \begin{document}.


Overfull \hbox (20.0pt too wide) in paragraph at lines 78--84
[]ocreRGB243,102,25
 []


./header_common.tex:89: LaTeX Error: \usepackage before \documentclass.

See the LaTeX manual or LaTeX Companion for explanation.
Type  H <return>  for immediate help.
 ...                                              
                                                  
l.89 \usepackage{
               siunitx}
\usepackage may only appear in the document preamble, i.e.,
between \documentclass and \begin{document}.

./header_common.tex:90: Undefined control sequence.
l.90 \sisetup
           {locale = FR, binary-units=true}
The control sequence at the end of the top line
of your error message was never \def'ed. If you have
misspelled it (e.g., `\hobx'), type `I' and the correct
spelling (e.g., `I\hbox'). Otherwise just continue,
and I'll forget about whatever was undefined.


./header_common.tex:90: LaTeX Error: Missing \begin{document}.

See the LaTeX manual or LaTeX Companion for explanation.
Type  H <return>  for immediate help.
 ...                                              
                                                  
l.90 \sisetup{l
             ocale = FR, binary-units=true}
You're in trouble here.  Try typing  <return>  to proceed.
If that doesn't work, type  X <return>  to quit.

./header_common.tex:91: Undefined control sequence.
l.91 \DeclareSIUnit
                  \shortbit  { b }
The control sequence at the end of the top line
of your error message was never \def'ed. If you have
misspelled it (e.g., `\hobx'), type `I' and the correct
spelling (e.g., `I\hbox'). Otherwise just continue,
and I'll forget about whatever was undefined.

./header_common.tex:91: Undefined control sequence.
l.91 \DeclareSIUnit \shortbit
                             { b }
The control sequence at the end of the top line
of your error message was never \def'ed. If you have
misspelled it (e.g., `\hobx'), type `I' and the correct
spelling (e.g., `I\hbox'). Otherwise just continue,
and I'll forget about whatever was undefined.


./header_common.tex:92: LaTeX Error: \usepackage before \documentclass.

See the LaTeX manual or LaTeX Companion for explanation.
Type  H <return>  for immediate help.
 ...                                              
                                                  
l.92 \usepackage{
               pdftexcmds}
\usepackage may only appear in the document preamble, i.e.,
between \documentclass and \begin{document}.


./header_common.tex:93: LaTeX Error: \usepackage before \documentclass.

See the LaTeX manual or LaTeX Companion for explanation.
Type  H <return>  for immediate help.
 ...                                              
                                                  
l.93 \usepackage{
               fancyhdr}
\usepackage may only appear in the document preamble, i.e.,
between \documentclass and \begin{document}.


./header_common.tex:94: LaTeX Error: \usepackage before \documentclass.

See the LaTeX manual or LaTeX Companion for explanation.
Type  H <return>  for immediate help.
 ...                                              
                                                  
l.94 \usepackage{
               textcomp}
\usepackage may only appear in the document preamble, i.e.,
between \documentclass and \begin{document}.


Overfull \hbox (20.0pt too wide) in paragraph at lines 90--95
[]locale
 []


./header_common.tex:96: LaTeX Error: \usepackage before \documentclass.

See the LaTeX manual or LaTeX Companion for explanation.
Type  H <return>  for immediate help.
 ...                                              
                                                  
l.96 \usepackage[explicit]{
                         titlesec}
\usepackage may only appear in the document preamble, i.e.,
between \documentclass and \begin{document}.

./header_common.tex:97: Undefined control sequence.
l.97 \definecolor
               {titlebgdark}{RGB}{0,163,243}
The control sequence at the end of the top line
of your error message was never \def'ed. If you have
misspelled it (e.g., `\hobx'), type `I' and the correct
spelling (e.g., `I\hbox'). Otherwise just continue,
and I'll forget about whatever was undefined.


./header_common.tex:97: LaTeX Error: Missing \begin{document}.

See the LaTeX manual or LaTeX Companion for explanation.
Type  H <return>  for immediate help.
 ...                                              
                                                  
l.97 \definecolor{t
                 itlebgdark}{RGB}{0,163,243}
You're in trouble here.  Try typing  <return>  to proceed.
If that doesn't work, type  X <return>  to quit.

./header_common.tex:98: Undefined control sequence.
l.98 \definecolor
               {titlebglight}{RGB}{191,233,251}
The control sequence at the end of the top line
of your error message was never \def'ed. If you have
misspelled it (e.g., `\hobx'), type `I' and the correct
spelling (e.g., `I\hbox'). Otherwise just continue,
and I'll forget about whatever was undefined.

./header_common.tex:99: Undefined control sequence.
l.99 \definecolor
               {othertitlebgdark}{RGB}{0,243,163}
The control sequence at the end of the top line
of your error message was never \def'ed. If you have
misspelled it (e.g., `\hobx'), type `I' and the correct
spelling (e.g., `I\hbox'). Otherwise just continue,
and I'll forget about whatever was undefined.

./header_common.tex:100: Undefined control sequence.
l.100 \definecolor
                {othertitlebglight}{RGB}{191,251,233}
The control sequence at the end of the top line
of your error message was never \def'ed. If you have
misspelled it (e.g., `\hobx'), type `I' and the correct
spelling (e.g., `I\hbox'). Otherwise just continue,
and I'll forget about whatever was undefined.

./header_common.tex:101: Undefined control sequence.
l.101 \definecolor
                {CoverLeftBarColor}{RGB}{191,233,251}
The control sequence at the end of the top line
of your error message was never \def'ed. If you have
misspelled it (e.g., `\hobx'), type `I' and the correct
spelling (e.g., `I\hbox'). Otherwise just continue,
and I'll forget about whatever was undefined.

./header_common.tex:102: Undefined control sequence.
l.102 \definecolor
                {CoverUpperBarColor}{RGB}{0,163,243}
The control sequence at the end of the top line
of your error message was never \def'ed. If you have
misspelled it (e.g., `\hobx'), type `I' and the correct
spelling (e.g., `I\hbox'). Otherwise just continue,
and I'll forget about whatever was undefined.


Overfull \hbox (20.0pt too wide) in paragraph at lines 97--103
[]titlebgdarkRGB0,163,243
 []


./header_common.tex:104: LaTeX Error: \usepackage before \documentclass.

See the LaTeX manual or LaTeX Companion for explanation.
Type  H <return>  for immediate help.
 ...                                              
                                                  
l.104 \usepackage{
                mathrsfs}
\usepackage may only appear in the document preamble, i.e.,
between \documentclass and \begin{document}.


./header_common.tex:105: LaTeX Error: \usepackage before \documentclass.

See the LaTeX manual or LaTeX Companion for explanation.
Type  H <return>  for immediate help.
 ...                                              
                                                  
l.105 \usepackage{
                stmaryrd}
\usepackage may only appear in the document preamble, i.e.,
between \documentclass and \begin{document}.


./header_common.tex:106: LaTeX Error: \usepackage before \documentclass.

See the LaTeX manual or LaTeX Companion for explanation.
Type  H <return>  for immediate help.
 ...                                              
                                                  
l.106 \usepackage{
                esvect}
\usepackage may only appear in the document preamble, i.e.,
between \documentclass and \begin{document}.


./header_common.tex:112: LaTeX Error: \usepackage before \documentclass.

See the LaTeX manual or LaTeX Companion for explanation.
Type  H <return>  for immediate help.
 ...                                              
                                                  
l.112 \usepackage[np]{
                    numprint}
\usepackage may only appear in the document preamble, i.e.,
between \documentclass and \begin{document}.


./header_common.tex:113: LaTeX Error: \usepackage before \documentclass.

See the LaTeX manual or LaTeX Companion for explanation.
Type  H <return>  for immediate help.
 ...                                              
                                                  
l.113 \usepackage{
                icomma}
\usepackage may only appear in the document preamble, i.e.,
between \documentclass and \begin{document}.


./header_common.tex:114: LaTeX Error: \usepackage before \documentclass.

See the LaTeX manual or LaTeX Companion for explanation.
Type  H <return>  for immediate help.
 ...                                              
                                                  
l.114 \usepackage[newcommands]{
                             ragged2e}
\usepackage may only appear in the document preamble, i.e.,
between \documentclass and \begin{document}.


./header_common.tex:116: LaTeX Error: \usepackage before \documentclass.

See the LaTeX manual or LaTeX Companion for explanation.
Type  H <return>  for immediate help.
 ...                                              
                                                  
l.116 \usepackage{
                multicol}
\usepackage may only appear in the document preamble, i.e.,
between \documentclass and \begin{document}.


./header_common.tex:117: LaTeX Error: \usepackage before \documentclass.

See the LaTeX manual or LaTeX Companion for explanation.
Type  H <return>  for immediate help.
 ...                                              
                                                  
l.117 \usepackage{
                booktabs}
\usepackage may only appear in the document preamble, i.e.,
between \documentclass and \begin{document}.


./header_common.tex:121: LaTeX Error: \usepackage before \documentclass.

See the LaTeX manual or LaTeX Companion for explanation.
Type  H <return>  for immediate help.
 ...                                              
                                                  
l.121 \usepackage{
                enumitem}
\usepackage may only appear in the document preamble, i.e.,
between \documentclass and \begin{document}.

./header_common.tex:122: Undefined control sequence.
l.122 \setlist
            [itemize,1]{label={\textbullet}}
The control sequence at the end of the top line
of your error message was never \def'ed. If you have
misspelled it (e.g., `\hobx'), type `I' and the correct
spelling (e.g., `I\hbox'). Otherwise just continue,
and I'll forget about whatever was undefined.


./header_common.tex:122: LaTeX Error: Missing \begin{document}.

See the LaTeX manual or LaTeX Companion for explanation.
Type  H <return>  for immediate help.
 ...                                              
                                                  
l.122 \setlist[
             itemize,1]{label={\textbullet}}
You're in trouble here.  Try typing  <return>  to proceed.
If that doesn't work, type  X <return>  to quit.


Overfull \hbox (27.77798pt too wide) in paragraph at lines 122--123
[][itemize,1]label=\TS1/lmr/m/n/10  
 []

./header_common.tex:125: Undefined control sequence.
l.125 \enitkv@key
               {}{nbcols}{%
The control sequence at the end of the top line
of your error message was never \def'ed. If you have
misspelled it (e.g., `\hobx'), type `I' and the correct
spelling (e.g., `I\hbox'). Otherwise just continue,
and I'll forget about whatever was undefined.


./header_common.tex:125: LaTeX Error: Missing \begin{document}.

See the LaTeX manual or LaTeX Companion for explanation.
Type  H <return>  for immediate help.
 ...                                              
                                                  
l.125 \enitkv@key{}{n
                   bcols}{%
You're in trouble here.  Try typing  <return>  to proceed.
If that doesn't work, type  X <return>  to quit.

./header_common.tex:126: Undefined control sequence.
l.126   \ifnumcomp
                {#1}{=}{1}{}{%
The control sequence at the end of the top line
of your error message was never \def'ed. If you have
misspelled it (e.g., `\hobx'), type `I' and the correct
spelling (e.g., `I\hbox'). Otherwise just continue,
and I'll forget about whatever was undefined.

./header_common.tex:126: You can't use `macro parameter character #' in horizont
al mode.
l.126   \ifnumcomp{#
                  1}{=}{1}{}{%
Sorry, but I'm not programmed to handle this case;
I'll just pretend that you didn''t ask for it.
If you're in the wrong mode, you might be able to
return to the right one by typing `I}' or `I$' or `I\par'.

./header_common.tex:129: Illegal parameter number in definition of \enit@before
.
<to be read again> 
1
l.129       \begin{multicols}{#1
                              }}%
You meant to type ## instead of #, right?
Or maybe a } was forgotten somewhere earlier, and things
are all screwed up? I'm going to assume that you meant ##.


Overfull \hbox (20.0pt too wide) in paragraph at lines 125--134
[]nbcols1=1
 []


./header_common.tex:136: LaTeX Error: \usepackage before \documentclass.

See the LaTeX manual or LaTeX Companion for explanation.
Type  H <return>  for immediate help.
 ...                                              
                                                  
l.136 \usepackage{
                pageslts}
\usepackage may only appear in the document preamble, i.e.,
between \documentclass and \begin{document}.


./header_common.tex:138: LaTeX Error: \usepackage before \documentclass.

See the LaTeX manual or LaTeX Companion for explanation.
Type  H <return>  for immediate help.
 ...                                              
                                                  
l.138 \usepackage{
                tikz}
\usepackage may only appear in the document preamble, i.e.,
between \documentclass and \begin{document}.

./header_common.tex:139: Undefined control sequence.
l.139 \usetikzlibrary
                   {matrix,calc,arrows,arrows.meta,positioning,tikzmark,deco...
The control sequence at the end of the top line
of your error message was never \def'ed. If you have
misspelled it (e.g., `\hobx'), type `I' and the correct
spelling (e.g., `I\hbox'). Otherwise just continue,
and I'll forget about whatever was undefined.


./header_common.tex:139: LaTeX Error: Missing \begin{document}.

See the LaTeX manual or LaTeX Companion for explanation.
Type  H <return>  for immediate help.
 ...                                              
                                                  
l.139 \usetikzlibrary{m
                     atrix,calc,arrows,arrows.meta,positioning,tikzmark,deco...
You're in trouble here.  Try typing  <return>  to proceed.
If that doesn't work, type  X <return>  to quit.

./header_common.tex:140: Undefined control sequence.
l.140 \tikzset
            {>=latex}
The control sequence at the end of the top line
of your error message was never \def'ed. If you have
misspelled it (e.g., `\hobx'), type `I' and the correct
spelling (e.g., `I\hbox'). Otherwise just continue,
and I'll forget about whatever was undefined.


./header_common.tex:153: LaTeX Error: \usepackage before \documentclass.

See the LaTeX manual or LaTeX Companion for explanation.
Type  H <return>  for immediate help.
 ...                                              
                                                  
l.153 \usepackage{
                tkz-tab}
\usepackage may only appear in the document preamble, i.e.,
between \documentclass and \begin{document}.

./header_common.tex:154: Undefined control sequence.
l.154 \tikzset
            {t style/.style = {style = solid}}
The control sequence at the end of the top line
of your error message was never \def'ed. If you have
misspelled it (e.g., `\hobx'), type `I' and the correct
spelling (e.g., `I\hbox'). Otherwise just continue,
and I'll forget about whatever was undefined.

./header_common.tex:155: Undefined control sequence.
l.155 \presetkeys
                    [TAB] {tbs} {nocadre  = true}{}
The control sequence at the end of the top line
of your error message was never \def'ed. If you have
misspelled it (e.g., `\hobx'), type `I' and the correct
spelling (e.g., `I\hbox'). Otherwise just continue,
and I'll forget about whatever was undefined.


Overfull \hbox (20.0pt too wide) in paragraph at lines 139--156
[]matrix,calc,arrows,arrows.meta,positioning,tikzmark,decorations.pathreplacing,
decorations.markings,shapes
 []


./header_common.tex:157: LaTeX Error: \usepackage before \documentclass.

See the LaTeX manual or LaTeX Companion for explanation.
Type  H <return>  for immediate help.
 ...                                              
                                                  
l.157 \usepackage[skins,theorems,breakable,xparse]{
                                                 tcolorbox}
\usepackage may only appear in the document preamble, i.e.,
between \documentclass and \begin{document}.

./header_common.tex:158: Undefined control sequence.
l.158 \tcbset
           {
The control sequence at the end of the top line
of your error message was never \def'ed. If you have
misspelled it (e.g., `\hobx'), type `I' and the correct
spelling (e.g., `I\hbox'). Otherwise just continue,
and I'll forget about whatever was undefined.


./header_common.tex:159: LaTeX Error: Missing \begin{document}.

See the LaTeX manual or LaTeX Companion for explanation.
Type  H <return>  for immediate help.
 ...                                              
                                                  
l.159   l
       abel separator=:,
You're in trouble here.  Try typing  <return>  to proceed.
If that doesn't work, type  X <return>  to quit.


Overfull \hbox (20.0pt too wide) in paragraph at lines 159--163
[]label
 []

./header_common.tex:181: Undefined control sequence.
l.181 \robustify
              \tuple
The control sequence at the end of the top line
of your error message was never \def'ed. If you have
misspelled it (e.g., `\hobx'), type `I' and the correct
spelling (e.g., `I\hbox'). Otherwise just continue,
and I'll forget about whatever was undefined.


./header_common.tex:182: LaTeX Error: Command \do undefined.

See the LaTeX manual or LaTeX Companion for explanation.
Type  H <return>  for immediate help.
 ...                                              
                                                  
l.182 \robustify
              \set
Try typing  <return>  to proceed.
If that doesn't work, type  X <return>  to quit.

./header_common.tex:182: Missing $ inserted.
<inserted text> 
$
l.182 \robustify
              \set
I've inserted a begin-math/end-math symbol since I think
you left one out. Proceed, with fingers crossed.


./header_common.tex:182: LaTeX Error: Missing \begin{document}.

See the LaTeX manual or LaTeX Companion for explanation.
Type  H <return>  for immediate help.
 ...                                              
                                                  
l.182 \robustify
              \set
You're in trouble here.  Try typing  <return>  to proceed.
If that doesn't work, type  X <return>  to quit.

LaTeX Font Info:    External font `cmex10' loaded for size
(Font)              <7> on input line 182.
LaTeX Font Info:    External font `cmex10' loaded for size
(Font)              <5> on input line 182.
./header_common.tex:182: Undefined control sequence.
\tuple ... }[1]{\nextitem {}##1}\left (\docsvlist 
                                                  {#1}\right )\endgroup 
l.182 \robustify
              \set
The control sequence at the end of the top line
of your error message was never \def'ed. If you have
misspelled it (e.g., `\hobx'), type `I' and the correct
spelling (e.g., `I\hbox'). Otherwise just continue,
and I'll forget about whatever was undefined.

./header_common.tex:182: Undefined control sequence.
<argument> \robustify 
           
l.182 \robustify
              \set
The control sequence at the end of the top line
of your error message was never \def'ed. If you have
misspelled it (e.g., `\hobx'), type `I' and the correct
spelling (e.g., `I\hbox'). Otherwise just continue,
and I'll forget about whatever was undefined.

./header_common.tex:182: Missing $ inserted.
<inserted text> 
$
l.182 \robustify
              \set
I've inserted something that you may have forgotten.
(See the <inserted text> above.)
With luck, this will get me unwedged. But if you
really didn't forget anything, try typing `2' now; then
my insertion and my current dilemma will both disappear.


./header_common.tex:183: LaTeX Error: Command \do undefined.

See the LaTeX manual or LaTeX Companion for explanation.
Type  H <return>  for immediate help.
 ...                                              
                                                  
l.183 
    
Try typing  <return>  to proceed.
If that doesn't work, type  X <return>  to quit.

./header_common.tex:183: Missing $ inserted.
<inserted text> 
$
l.183 
    
I've inserted a begin-math/end-math symbol since I think
you left one out. Proceed, with fingers crossed.

./header_common.tex:183: Undefined control sequence.
\set ...o }[1]{\nextitem {}##1}\left \{\docsvlist 
                                                  {#1}\right \}\endgroup 
l.183 
    
The control sequence at the end of the top line
of your error message was never \def'ed. If you have
misspelled it (e.g., `\hobx'), type `I' and the correct
spelling (e.g., `I\hbox'). Otherwise just continue,
and I'll forget about whatever was undefined.

./header_common.tex:183: Missing $ inserted.
<inserted text> 
$
l.183 
    
I've inserted a begin-math/end-math symbol since I think
you left one out. Proceed, with fingers crossed.

./header_common.tex:183: Missing } inserted.
<inserted text> 
}
l.183 
    
I've inserted something that you may have forgotten.
(See the <inserted text> above.)
With luck, this will get me unwedged. But if you
really didn't forget anything, try typing `2' now; then
my insertion and my current dilemma will both disappear.

./header_common.tex:183: Missing \right. inserted.
<inserted text> 
\right .
l.183 
    
I've inserted something that you may have forgotten.
(See the <inserted text> above.)
With luck, this will get me unwedged. But if you
really didn't forget anything, try typing `2' now; then
my insertion and my current dilemma will both disappear.

./header_common.tex:183: Missing \right. inserted.
<inserted text> 
\right .
l.183 
    
I've inserted something that you may have forgotten.
(See the <inserted text> above.)
With luck, this will get me unwedged. But if you
really didn't forget anything, try typing `2' now; then
my insertion and my current dilemma will both disappear.

./header_common.tex:183: Missing \right. inserted.
<inserted text> 
\right .
l.183 
    
I've inserted something that you may have forgotten.
(See the <inserted text> above.)
With luck, this will get me unwedged. But if you
really didn't forget anything, try typing `2' now; then
my insertion and my current dilemma will both disappear.

./header_common.tex:183: Missing \right. inserted.
<inserted text> 
\right .
l.183 
    
I've inserted something that you may have forgotten.
(See the <inserted text> above.)
With luck, this will get me unwedged. But if you
really didn't forget anything, try typing `2' now; then
my insertion and my current dilemma will both disappear.

./header_common.tex:183: Missing \right. inserted.
<inserted text> 
\right .
l.183 
    
I've inserted something that you may have forgotten.
(See the <inserted text> above.)
With luck, this will get me unwedged. But if you
really didn't forget anything, try typing `2' now; then
my insertion and my current dilemma will both disappear.

./header_common.tex:183: Missing \right. inserted.
<inserted text> 
\right .
l.183 
    
I've inserted something that you may have forgotten.
(See the <inserted text> above.)
With luck, this will get me unwedged. But if you
really didn't forget anything, try typing `2' now; then
my insertion and my current dilemma will both disappear.

./header_common.tex:183: Missing \right. inserted.
<inserted text> 
\right .
l.183 
    
I've inserted something that you may have forgotten.
(See the <inserted text> above.)
With luck, this will get me unwedged. But if you
really didn't forget anything, try typing `2' now; then
my insertion and my current dilemma will both disappear.

./header_common.tex:183: Missing \right. inserted.
<inserted text> 
\right .
l.183 
    
I've inserted something that you may have forgotten.
(See the <inserted text> above.)
With luck, this will get me unwedged. But if you
really didn't forget anything, try typing `2' now; then
my insertion and my current dilemma will both disappear.

./header_common.tex:183: Missing \right. inserted.
<inserted text> 
\right .
l.183 
    
I've inserted something that you may have forgotten.
(See the <inserted text> above.)
With luck, this will get me unwedged. But if you
really didn't forget anything, try typing `2' now; then
my insertion and my current dilemma will both disappear.

./header_common.tex:183: Missing \right. inserted.
<inserted text> 
\right .
l.183 
    
I've inserted something that you may have forgotten.
(See the <inserted text> above.)
With luck, this will get me unwedged. But if you
really didn't forget anything, try typing `2' now; then
my insertion and my current dilemma will both disappear.

./header_common.tex:183: Missing \right. inserted.
<inserted text> 
\right .
l.183 
    
I've inserted something that you may have forgotten.
(See the <inserted text> above.)
With luck, this will get me unwedged. But if you
really didn't forget anything, try typing `2' now; then
my insertion and my current dilemma will both disappear.

./header_common.tex:183: Missing \right. inserted.
<inserted text> 
\right .
l.183 
    
I've inserted something that you may have forgotten.
(See the <inserted text> above.)
With luck, this will get me unwedged. But if you
really didn't forget anything, try typing `2' now; then
my insertion and my current dilemma will both disappear.

./header_common.tex:183: Missing \right. inserted.
<inserted text> 
\right .
l.183 
    
I've inserted something that you may have forgotten.
(See the <inserted text> above.)
With luck, this will get me unwedged. But if you
really didn't forget anything, try typing `2' now; then
my insertion and my current dilemma will both disappear.

./header_common.tex:183: Missing \right. inserted.
<inserted text> 
\right .
l.183 
    
I've inserted something that you may have forgotten.
(See the <inserted text> above.)
With luck, this will get me unwedged. But if you
really didn't forget anything, try typing `2' now; then
my insertion and my current dilemma will both disappear.

./header_common.tex:183: Missing \right. inserted.
<inserted text> 
\right .
l.183 
    
I've inserted something that you may have forgotten.
(See the <inserted text> above.)
With luck, this will get me unwedged. But if you
really didn't forget anything, try typing `2' now; then
my insertion and my current dilemma will both disappear.

./header_common.tex:183: Missing \right. inserted.
<inserted text> 
\right .
l.183 
    
I've inserted something that you may have forgotten.
(See the <inserted text> above.)
With luck, this will get me unwedged. But if you
really didn't forget anything, try typing `2' now; then
my insertion and my current dilemma will both disappear.

./header_common.tex:183: Missing \right. inserted.
<inserted text> 
\right .
l.183 
    
I've inserted something that you may have forgotten.
(See the <inserted text> above.)
With luck, this will get me unwedged. But if you
really didn't forget anything, try typing `2' now; then
my insertion and my current dilemma will both disappear.

./header_common.tex:183: Missing \right. inserted.
<inserted text> 
\right .
l.183 
    
I've inserted something that you may have forgotten.
(See the <inserted text> above.)
With luck, this will get me unwedged. But if you
really didn't forget anything, try typing `2' now; then
my insertion and my current dilemma will both disappear.

./header_common.tex:183: Missing \right. inserted.
<inserted text> 
\right .
l.183 
    
I've inserted something that you may have forgotten.
(See the <inserted text> above.)
With luck, this will get me unwedged. But if you
really didn't forget anything, try typing `2' now; then
my insertion and my current dilemma will both disappear.

./header_common.tex:183: Missing \right. inserted.
<inserted text> 
\right .
l.183 
    
I've inserted something that you may have forgotten.
(See the <inserted text> above.)
With luck, this will get me unwedged. But if you
really didn't forget anything, try typing `2' now; then
my insertion and my current dilemma will both disappear.

./header_common.tex:183: Missing \right. inserted.
<inserted text> 
\right .
l.183 
    
I've inserted something that you may have forgotten.
(See the <inserted text> above.)
With luck, this will get me unwedged. But if you
really didn't forget anything, try typing `2' now; then
my insertion and my current dilemma will both disappear.

./header_common.tex:183: Missing \right. inserted.
<inserted text> 
\right .
l.183 
    
I've inserted something that you may have forgotten.
(See the <inserted text> above.)
With luck, this will get me unwedged. But if you
really didn't forget anything, try typing `2' now; then
my insertion and my current dilemma will both disappear.

./header_common.tex:183: Missing \right. inserted.
<inserted text> 
\right .
l.183 
    
I've inserted something that you may have forgotten.
(See the <inserted text> above.)
With luck, this will get me unwedged. But if you
really didn't forget anything, try typing `2' now; then
my insertion and my current dilemma will both disappear.

./header_common.tex:183: Missing \right. inserted.
<inserted text> 
\right .
l.183 
    
I've inserted something that you may have forgotten.
(See the <inserted text> above.)
With luck, this will get me unwedged. But if you
really didn't forget anything, try typing `2' now; then
my insertion and my current dilemma will both disappear.

./header_common.tex:183: Missing \right. inserted.
<inserted text> 
\right .
l.183 
    
I've inserted something that you may have forgotten.
(See the <inserted text> above.)
With luck, this will get me unwedged. But if you
really didn't forget anything, try typing `2' now; then
my insertion and my current dilemma will both disappear.

./header_common.tex:183: Missing \right. inserted.
<inserted text> 
\right .
l.183 
    
I've inserted something that you may have forgotten.
(See the <inserted text> above.)
With luck, this will get me unwedged. But if you
really didn't forget anything, try typing `2' now; then
my insertion and my current dilemma will both disappear.

./header_common.tex:183: Missing \right. inserted.
<inserted text> 
\right .
l.183 
    
I've inserted something that you may have forgotten.
(See the <inserted text> above.)
With luck, this will get me unwedged. But if you
really didn't forget anything, try typing `2' now; then
my insertion and my current dilemma will both disappear.

./header_common.tex:183: Missing \right. inserted.
<inserted text> 
\right .
l.183 
    
I've inserted something that you may have forgotten.
(See the <inserted text> above.)
With luck, this will get me unwedged. But if you
really didn't forget anything, try typing `2' now; then
my insertion and my current dilemma will both disappear.

./header_common.tex:183: Missing \right. inserted.
<inserted text> 
\right .
l.183 
    
I've inserted something that you may have forgotten.
(See the <inserted text> above.)
With luck, this will get me unwedged. But if you
really didn't forget anything, try typing `2' now; then
my insertion and my current dilemma will both disappear.

./header_common.tex:183: Missing \right. inserted.
<inserted text> 
\right .
l.183 
    
I've inserted something that you may have forgotten.
(See the <inserted text> above.)
With luck, this will get me unwedged. But if you
really didn't forget anything, try typing `2' now; then
my insertion and my current dilemma will both disappear.

./header_common.tex:183: Missing \right. inserted.
<inserted text> 
\right .
l.183 
    
I've inserted something that you may have forgotten.
(See the <inserted text> above.)
With luck, this will get me unwedged. But if you
really didn't forget anything, try typing `2' now; then
my insertion and my current dilemma will both disappear.

./header_common.tex:183: Missing \right. inserted.
<inserted text> 
\right .
l.183 
    
I've inserted something that you may have forgotten.
(See the <inserted text> above.)
With luck, this will get me unwedged. But if you
really didn't forget anything, try typing `2' now; then
my insertion and my current dilemma will both disappear.

./header_common.tex:183: Missing \right. inserted.
<inserted text> 
\right .
l.183 
    
I've inserted something that you may have forgotten.
(See the <inserted text> above.)
With luck, this will get me unwedged. But if you
really didn't forget anything, try typing `2' now; then
my insertion and my current dilemma will both disappear.

./header_common.tex:183: Missing \right. inserted.
<inserted text> 
\right .
l.183 
    
I've inserted something that you may have forgotten.
(See the <inserted text> above.)
With luck, this will get me unwedged. But if you
really didn't forget anything, try typing `2' now; then
my insertion and my current dilemma will both disappear.

./header_common.tex:183: Missing \right. inserted.
<inserted text> 
\right .
l.183 
    
I've inserted something that you may have forgotten.
(See the <inserted text> above.)
With luck, this will get me unwedged. But if you
really didn't forget anything, try typing `2' now; then
my insertion and my current dilemma will both disappear.

./header_common.tex:183: Missing \right. inserted.
<inserted text> 
\right .
l.183 
    
I've inserted something that you may have forgotten.
(See the <inserted text> above.)
With luck, this will get me unwedged. But if you
really didn't forget anything, try typing `2' now; then
my insertion and my current dilemma will both disappear.

./header_common.tex:183: Missing \right. inserted.
<inserted text> 
\right .
l.183 
    
I've inserted something that you may have forgotten.
(See the <inserted text> above.)
With luck, this will get me unwedged. But if you
really didn't forget anything, try typing `2' now; then
my insertion and my current dilemma will both disappear.

./header_common.tex:183: Missing \right. inserted.
<inserted text> 
\right .
l.183 
    
I've inserted something that you may have forgotten.
(See the <inserted text> above.)
With luck, this will get me unwedged. But if you
really didn't forget anything, try typing `2' now; then
my insertion and my current dilemma will both disappear.

./header_common.tex:183: Missing \right. inserted.
<inserted text> 
\right .
l.183 
    
I've inserted something that you may have forgotten.
(See the <inserted text> above.)
With luck, this will get me unwedged. But if you
really didn't forget anything, try typing `2' now; then
my insertion and my current dilemma will both disappear.

./header_common.tex:183: Missing \right. inserted.
<inserted text> 
\right .
l.183 
    
I've inserted something that you may have forgotten.
(See the <inserted text> above.)
With luck, this will get me unwedged. But if you
really didn't forget anything, try typing `2' now; then
my insertion and my current dilemma will both disappear.

./header_common.tex:183: Missing \right. inserted.
<inserted text> 
\right .
l.183 
    
I've inserted something that you may have forgotten.
(See the <inserted text> above.)
With luck, this will get me unwedged. But if you
really didn't forget anything, try typing `2' now; then
my insertion and my current dilemma will both disappear.

./header_common.tex:183: Missing \right. inserted.
<inserted text> 
\right .
l.183 
    
I've inserted something that you may have forgotten.
(See the <inserted text> above.)
With luck, this will get me unwedged. But if you
really didn't forget anything, try typing `2' now; then
my insertion and my current dilemma will both disappear.

./header_common.tex:183: Missing \right. inserted.
<inserted text> 
\right .
l.183 
    
I've inserted something that you may have forgotten.
(See the <inserted text> above.)
With luck, this will get me unwedged. But if you
really didn't forget anything, try typing `2' now; then
my insertion and my current dilemma will both disappear.

./header_common.tex:183: Missing \right. inserted.
<inserted text> 
\right .
l.183 
    
I've inserted something that you may have forgotten.
(See the <inserted text> above.)
With luck, this will get me unwedged. But if you
really didn't forget anything, try typing `2' now; then
my insertion and my current dilemma will both disappear.

./header_common.tex:183: Missing \right. inserted.
<inserted text> 
\right .
l.183 
    
I've inserted something that you may have forgotten.
(See the <inserted text> above.)
With luck, this will get me unwedged. But if you
really didn't forget anything, try typing `2' now; then
my insertion and my current dilemma will both disappear.

./header_common.tex:183: Missing \right. inserted.
<inserted text> 
\right .
l.183 
    
I've inserted something that you may have forgotten.
(See the <inserted text> above.)
With luck, this will get me unwedged. But if you
really didn't forget anything, try typing `2' now; then
my insertion and my current dilemma will both disappear.

./header_common.tex:183: Missing \right. inserted.
<inserted text> 
\right .
l.183 
    
I've inserted something that you may have forgotten.
(See the <inserted text> above.)
With luck, this will get me unwedged. But if you
really didn't forget anything, try typing `2' now; then
my insertion and my current dilemma will both disappear.

./header_common.tex:183: Missing \right. inserted.
<inserted text> 
\right .
l.183 
    
I've inserted something that you may have forgotten.
(See the <inserted text> above.)
With luck, this will get me unwedged. But if you
really didn't forget anything, try typing `2' now; then
my insertion and my current dilemma will both disappear.

./header_common.tex:183: Missing \right. inserted.
<inserted text> 
\right .
l.183 
    
I've inserted something that you may have forgotten.
(See the <inserted text> above.)
With luck, this will get me unwedged. But if you
really didn't forget anything, try typing `2' now; then
my insertion and my current dilemma will both disappear.

./header_common.tex:183: Missing \right. inserted.
<inserted text> 
\right .
l.183 
    
I've inserted something that you may have forgotten.
(See the <inserted text> above.)
With luck, this will get me unwedged. But if you
really didn't forget anything, try typing `2' now; then
my insertion and my current dilemma will both disappear.

./header_common.tex:183: Missing \right. inserted.
<inserted text> 
\right .
l.183 
    
I've inserted something that you may have forgotten.
(See the <inserted text> above.)
With luck, this will get me unwedged. But if you
really didn't forget anything, try typing `2' now; then
my insertion and my current dilemma will both disappear.

./header_common.tex:183: Missing \right. inserted.
<inserted text> 
\right .
l.183 
    
I've inserted something that you may have forgotten.
(See the <inserted text> above.)
With luck, this will get me unwedged. But if you
really didn't forget anything, try typing `2' now; then
my insertion and my current dilemma will both disappear.

./header_common.tex:183: Missing \right. inserted.
<inserted text> 
\right .
l.183 
    
I've inserted something that you may have forgotten.
(See the <inserted text> above.)
With luck, this will get me unwedged. But if you
really didn't forget anything, try typing `2' now; then
my insertion and my current dilemma will both disappear.

./header_common.tex:183: Missing \right. inserted.
<inserted text> 
\right .
l.183 
    
I've inserted something that you may have forgotten.
(See the <inserted text> above.)
With luck, this will get me unwedged. But if you
really didn't forget anything, try typing `2' now; then
my insertion and my current dilemma will both disappear.

./header_common.tex:183: Missing \right. inserted.
<inserted text> 
\right .
l.183 
    
I've inserted something that you may have forgotten.
(See the <inserted text> above.)
With luck, this will get me unwedged. But if you
really didn't forget anything, try typing `2' now; then
my insertion and my current dilemma will both disappear.

./header_common.tex:183: Missing \right. inserted.
<inserted text> 
\right .
l.183 
    
I've inserted something that you may have forgotten.
(See the <inserted text> above.)
With luck, this will get me unwedged. But if you
really didn't forget anything, try typing `2' now; then
my insertion and my current dilemma will both disappear.

./header_common.tex:183: Missing \right. inserted.
<inserted text> 
\right .
l.183 
    
I've inserted something that you may have forgotten.
(See the <inserted text> above.)
With luck, this will get me unwedged. But if you
really didn't forget anything, try typing `2' now; then
my insertion and my current dilemma will both disappear.

./header_common.tex:183: Missing \right. inserted.
<inserted text> 
\right .
l.183 
    
I've inserted something that you may have forgotten.
(See the <inserted text> above.)
With luck, this will get me unwedged. But if you
really didn't forget anything, try typing `2' now; then
my insertion and my current dilemma will both disappear.

./header_common.tex:183: Missing \right. inserted.
<inserted text> 
\right .
l.183 
    
I've inserted something that you may have forgotten.
(See the <inserted text> above.)
With luck, this will get me unwedged. But if you
really didn't forget anything, try typing `2' now; then
my insertion and my current dilemma will both disappear.

./header_common.tex:183: Missing \right. inserted.
<inserted text> 
\right .
l.183 
    
I've inserted something that you may have forgotten.
(See the <inserted text> above.)
With luck, this will get me unwedged. But if you
really didn't forget anything, try typing `2' now; then
my insertion and my current dilemma will both disappear.

./header_common.tex:183: Missing \right. inserted.
<inserted text> 
\right .
l.183 
    
I've inserted something that you may have forgotten.
(See the <inserted text> above.)
With luck, this will get me unwedged. But if you
really didn't forget anything, try typing `2' now; then
my insertion and my current dilemma will both disappear.

./header_common.tex:183: Missing \right. inserted.
<inserted text> 
\right .
l.183 
    
I've inserted something that you may have forgotten.
(See the <inserted text> above.)
With luck, this will get me unwedged. But if you
really didn't forget anything, try typing `2' now; then
my insertion and my current dilemma will both disappear.

./header_common.tex:183: Missing \right. inserted.
<inserted text> 
\right .
l.183 
    
I've inserted something that you may have forgotten.
(See the <inserted text> above.)
With luck, this will get me unwedged. But if you
really didn't forget anything, try typing `2' now; then
my insertion and my current dilemma will both disappear.

./header_common.tex:183: Missing \right. inserted.
<inserted text> 
\right .
l.183 
    
I've inserted something that you may have forgotten.
(See the <inserted text> above.)
With luck, this will get me unwedged. But if you
really didn't forget anything, try typing `2' now; then
my insertion and my current dilemma will both disappear.

./header_common.tex:183: Missing \right. inserted.
<inserted text> 
\right .
l.183 
    
I've inserted something that you may have forgotten.
(See the <inserted text> above.)
With luck, this will get me unwedged. But if you
really didn't forget anything, try typing `2' now; then
my insertion and my current dilemma will both disappear.

./header_common.tex:183: Missing \right. inserted.
<inserted text> 
\right .
l.183 
    
I've inserted something that you may have forgotten.
(See the <inserted text> above.)
With luck, this will get me unwedged. But if you
really didn't forget anything, try typing `2' now; then
my insertion and my current dilemma will both disappear.

./header_common.tex:183: Missing \right. inserted.
<inserted text> 
\right .
l.183 
    
I've inserted something that you may have forgotten.
(See the <inserted text> above.)
With luck, this will get me unwedged. But if you
really didn't forget anything, try typing `2' now; then
my insertion and my current dilemma will both disappear.

./header_common.tex:183: Missing \right. inserted.
<inserted text> 
\right .
l.183 
    
I've inserted something that you may have forgotten.
(See the <inserted text> above.)
With luck, this will get me unwedged. But if you
really didn't forget anything, try typing `2' now; then
my insertion and my current dilemma will both disappear.

./header_common.tex:183: Missing \right. inserted.
<inserted text> 
\right .
l.183 
    
I've inserted something that you may have forgotten.
(See the <inserted text> above.)
With luck, this will get me unwedged. But if you
really didn't forget anything, try typing `2' now; then
my insertion and my current dilemma will both disappear.

./header_common.tex:183: Missing \right. inserted.
<inserted text> 
\right .
l.183 
    
I've inserted something that you may have forgotten.
(See the <inserted text> above.)
With luck, this will get me unwedged. But if you
really didn't forget anything, try typing `2' now; then
my insertion and my current dilemma will both disappear.

./header_common.tex:183: Missing \right. inserted.
<inserted text> 
\right .
l.183 
    
I've inserted something that you may have forgotten.
(See the <inserted text> above.)
With luck, this will get me unwedged. But if you
really didn't forget anything, try typing `2' now; then
my insertion and my current dilemma will both disappear.

./header_common.tex:183: Missing \right. inserted.
<inserted text> 
\right .
l.183 
    
I've inserted something that you may have forgotten.
(See the <inserted text> above.)
With luck, this will get me unwedged. But if you
really didn't forget anything, try typing `2' now; then
my insertion and my current dilemma will both disappear.

./header_common.tex:183: Missing \right. inserted.
<inserted text> 
\right .
l.183 
    
I've inserted something that you may have forgotten.
(See the <inserted text> above.)
With luck, this will get me unwedged. But if you
really didn't forget anything, try typing `2' now; then
my insertion and my current dilemma will both disappear.

./header_common.tex:183: Missing \right. inserted.
<inserted text> 
\right .
l.183 
    
I've inserted something that you may have forgotten.
(See the <inserted text> above.)
With luck, this will get me unwedged. But if you
really didn't forget anything, try typing `2' now; then
my insertion and my current dilemma will both disappear.

./header_common.tex:183: Missing \right. inserted.
<inserted text> 
\right .
l.183 
    
I've inserted something that you may have forgotten.
(See the <inserted text> above.)
With luck, this will get me unwedged. But if you
really didn't forget anything, try typing `2' now; then
my insertion and my current dilemma will both disappear.

./header_common.tex:183: Missing \right. inserted.
<inserted text> 
\right .
l.183 
    
I've inserted something that you may have forgotten.
(See the <inserted text> above.)
With luck, this will get me unwedged. But if you
really didn't forget anything, try typing `2' now; then
my insertion and my current dilemma will both disappear.

./header_common.tex:183: Missing \right. inserted.
<inserted text> 
\right .
l.183 
    
I've inserted something that you may have forgotten.
(See the <inserted text> above.)
With luck, this will get me unwedged. But if you
really didn't forget anything, try typing `2' now; then
my insertion and my current dilemma will both disappear.

./header_common.tex:183: Missing \right. inserted.
<inserted text> 
\right .
l.183 
    
I've inserted something that you may have forgotten.
(See the <inserted text> above.)
With luck, this will get me unwedged. But if you
really didn't forget anything, try typing `2' now; then
my insertion and my current dilemma will both disappear.

./header_common.tex:183: Missing \right. inserted.
<inserted text> 
\right .
l.183 
    
I've inserted something that you may have forgotten.
(See the <inserted text> above.)
With luck, this will get me unwedged. But if you
really didn't forget anything, try typing `2' now; then
my insertion and my current dilemma will both disappear.

./header_common.tex:183: Missing \right. inserted.
<inserted text> 
\right .
l.183 
    
I've inserted something that you may have forgotten.
(See the <inserted text> above.)
With luck, this will get me unwedged. But if you
really didn't forget anything, try typing `2' now; then
my insertion and my current dilemma will both disappear.

./header_common.tex:183: Missing \right. inserted.
<inserted text> 
\right .
l.183 
    
I've inserted something that you may have forgotten.
(See the <inserted text> above.)
With luck, this will get me unwedged. But if you
really didn't forget anything, try typing `2' now; then
my insertion and my current dilemma will both disappear.

./header_common.tex:183: Missing \right. inserted.
<inserted text> 
\right .
l.183 
    
I've inserted something that you may have forgotten.
(See the <inserted text> above.)
With luck, this will get me unwedged. But if you
really didn't forget anything, try typing `2' now; then
my insertion and my current dilemma will both disappear.

./header_common.tex:183: Missing \right. inserted.
<inserted text> 
\right .
l.183 
    
I've inserted something that you may have forgotten.
(See the <inserted text> above.)
With luck, this will get me unwedged. But if you
really didn't forget anything, try typing `2' now; then
my insertion and my current dilemma will both disappear.

./header_common.tex:183: Missing \right. inserted.
<inserted text> 
\right .
l.183 
    
I've inserted something that you may have forgotten.
(See the <inserted text> above.)
With luck, this will get me unwedged. But if you
really didn't forget anything, try typing `2' now; then
my insertion and my current dilemma will both disappear.

./header_common.tex:183: Missing \right. inserted.
<inserted text> 
\right .
l.183 
    
I've inserted something that you may have forgotten.
(See the <inserted text> above.)
With luck, this will get me unwedged. But if you
really didn't forget anything, try typing `2' now; then
my insertion and my current dilemma will both disappear.

./header_common.tex:183: Missing \right. inserted.
<inserted text> 
\right .
l.183 
    
I've inserted something that you may have forgotten.
(See the <inserted text> above.)
With luck, this will get me unwedged. But if you
really didn't forget anything, try typing `2' now; then
my insertion and my current dilemma will both disappear.

./header_common.tex:183: Missing \right. inserted.
<inserted text> 
\right .
l.183 
    
I've inserted something that you may have forgotten.
(See the <inserted text> above.)
With luck, this will get me unwedged. But if you
really didn't forget anything, try typing `2' now; then
my insertion and my current dilemma will both disappear.

./header_common.tex:183: Missing \right. inserted.
<inserted text> 
\right .
l.183 
    
(That makes 100 errors; please try again.)

Here is how much of LuaTeX's memory you used:
 72 strings out of 478903
 100000,383344 words of node,token memory allocated
 8311 words of node memory still in use:
   32 hlist, 5 disc, 10 local_par, 3 dir, 2 math, 118 glue, 3 kern, 16 penalty, 
1 noad, 88 fence, 1 sub_mlist, 88 delim, 708 glyph, 175 attribute, 39 glue_spec,
 175 attribute_list, 3 temp nodes
   avail lists: 3:1,5:1,7:1,9:1,10:21
 19773 multiletter control sequences out of 65536+600000
 33 fonts using 3200607 bytes
 23i,3n,37p,238b,73s stack positions out of 5000i,500n,10000p,200000b,100000s
./header_common.tex:183:  ==> Fatal error occurred, no output PDF file produced!

