This is LuaTeX, Version 1.07.0 (TeX Live 2018/Arch Linux)  (format=lualatex 2019.5.2)  20 JUN 2019 16:13
 restricted system commands enabled.
 file:line:error style messages enabled.
**lettrerecommandation-specific_header.tex
(./lettrerecommandation-specific_header.tex
LaTeX2e <2018-12-01>
Lua module: luaotfload-main 2019-01-28 2.95 luaotfload entry point
Lua module: luaotfload-init 2019-01-28 2.95 luaotfload submodule / initializatio
n
Lua module: lualibs 2019-01-28 2.63 ConTeXt Lua standard libraries.
Lua module: lualibs-extended 2019-01-28 2.63 ConTeXt Lua libraries -- extended c
ollection.
Lua module: luaotfload-log 2019-01-28 2.95 luaotfload submodule / logging
Lua module: luaotfload-parsers 2019-01-28 2.95 luaotfload submodule / filelist
Lua module: luaotfload-configuration 2019-01-28 2.95 luaotfload submodule / conf
ig file reader
luaotfload | conf : Root cache directory is /home/taurgal/.texlive/texmf-var/lua
tex-cache/generic/names.
luaotfload | init : Loading fontloader “fontloader-2019-01-28.lua” from kpse
-resolved path “/usr/share/texmf-dist/tex/luatex/luaotfload/fontloader-2019-01
-28.lua”.
Lua-only attribute luaotfload@state = 1
Lua-only attribute luaotfload@noligature = 2
Lua-only attribute luaotfload@syllabe = 3
luaotfload | init : Context OpenType loader version “3.107”
Inserting `luaotfload.node_processor' at position 1 in `pre_linebreak_filter'.
Inserting `luaotfload.node_processor' at position 1 in `hpack_filter'.
Lua module: luaotfload-loaders 2019-01-28 2.95 luaotfload submodule / callback h
andling
Inserting `luaotfload.define_font' at position 1 in `define_font'.
Lua module: luaotfload-database 2019-01-28 2.95 luaotfload submodule / database
Lua module: luaotfload-colors 2019-01-28 2.95 luaotfload submodule / color
Lua-only attribute luaotfload_color_attribute = 4
Lua module: luaotfload-resolvers 2019-01-28 2.95 luaotfload submodule / resolver
s
luaotfload | conf : Root cache directory is /home/taurgal/.texlive/texmf-var/lua
tex-cache/generic/names.
Lua module: luaotfload-features 2019-01-28 2.95 luaotfload submodule / features
Lua module: luaotfload-letterspace 2019-01-28 2.95 luaotfload submodule / color
Lua module: luaotfload-auxiliary 2019-01-28 2.95 luaotfload submodule / auxiliar
y functions
Inserting `luaotfload.aux.set_sscale_dimens' at position 1 in `luaotfload.patch_
font'.
Inserting `luaotfload.aux.patch_cambria_domh' at position 2 in `luaotfload.patch
_font'.
Inserting `luaotfload.aux.fixup_fontdata' at position 1 in `luaotfload.patch_fon
t_unsafe'.
Inserting `luaotfload.aux.set_capheight' at position 3 in `luaotfload.patch_font
'.
Inserting `luaotfload.rewrite_fontname' at position 4 in `luaotfload.patch_font'
.
luaotfload | main : initialization completed in 0.089 seconds
(/usr/share/texmf-dist/tex/latex/lettre/lettre.cls
(/usr/share/texmf-dist/tex/latex/etoolbox/etoolbox.sty
Package: etoolbox 2018/08/19 v2.5f e-TeX tools for LaTeX (JAW)
\etb@tempcnta=\count80
)
(/usr/share/texmf-dist/tex/latex/graphics/graphicx.sty
Package: graphicx 2017/06/01 v1.1a Enhanced LaTeX Graphics (DPC,SPQR)

(/usr/share/texmf-dist/tex/latex/graphics/keyval.sty
Package: keyval 2014/10/28 v1.15 key=value parser (DPC)
\KV@toks@=\toks14
)
(/usr/share/texmf-dist/tex/latex/graphics/graphics.sty
Package: graphics 2017/06/25 v1.2c Standard LaTeX Graphics (DPC,SPQR)

(/usr/share/texmf-dist/tex/latex/graphics/trig.sty
Package: trig 2016/01/03 v1.10 sin cos tan (DPC)
)
(/usr/share/texmf-dist/tex/latex/graphics-cfg/graphics.cfg
File: graphics.cfg 2016/06/04 v1.11 sample graphics configuration
)
Package graphics Info: Driver file: luatex.def on input line 99.

(/usr/share/texmf-dist/tex/latex/graphics-def/luatex.def
File: luatex.def 2018/01/08 v1.0l Graphics/color driver for luatex
))
\Gin@req@height=\dimen102
\Gin@req@width=\dimen103
)
Document Class: lettre 2017/08/03 v3.000
Copyleft Denis Megevand - Observatoire de Geneve
\lettre@x@mm=\skip41
\lettre@y@mm=\skip42
\c@infos=\count81

Class lettre Message: Mode `origdate'.

(/usr/share/texmf-dist/tex/latex/base/size12.clo
File: size12.clo 2018/09/03 v1.4i Standard LaTeX file (size option)
luaotfload | db : Font names database loaded from /home/taurgal/.texlive/texmf-v
ar/luatex-cache/generic/names/luaotfload-names.luc)
\auxcount=\count82
\c@labelstart=\count83
\c@lettre=\count84
\c@telefax=\count85
\emailcount=\count86
\faxpage=\count87
\sigflag=\count88
\signum=\count89
\letterwidth=\dimen104
\openingspace=\dimen105
\openingindent=\dimen106
\lettermargin=\dimen107
\listmargin=\dimen108
\sigspace=\dimen109
\ssigindent=\dimen110
\ssigwidth=\dimen111
\msigwidth=\dimen112
\fromaddress@let@width=\dimen113
\fromlieu@let@width=\dimen114
\toaddress@let@width=\dimen115
\fromaddress@fax@width=\dimen116
\faxstring@width=\dimen117
\faxbox@width=\dimen118
\toaddress@fax@width=\dimen119
\fromname@fax@width=\dimen120
\lettre@vref@width=\skip43
\lettre@nref@width=\skip44
\@tensionaux=\write3
\@dateaux=\write4
\@etiqaux=\write5
\@faxaux=\write6


Class lettre Message: Chargement du fichier de definition de langue `lettre-fren
ch.ldf'.

(/usr/share/texmf-dist/tex/latex/lettre/lettre-french.ldf
File: lettre-french.ldf 2015/11/18
))
(/usr/share/texmf-dist/tex/latex/l3kernel/expl3.sty
Package: expl3 2019-02-15 L3 programming layer (loader) 

(/usr/share/texmf-dist/tex/latex/l3kernel/expl3-code.tex
Package: expl3 2019-02-15 L3 programming layer (code)
\ucharcat@table=\catcodetable5
\c_max_int=\count90
\l_tmpa_int=\count91
\l_tmpb_int=\count92
\g_tmpa_int=\count93
\g_tmpb_int=\count94
\g__kernel_prg_map_int=\count95
\c_log_iow=\count96
\l_iow_line_count_int=\count97
\l__iow_line_target_int=\count98
\l__iow_one_indent_int=\count99
\l__iow_indent_int=\count100
\c_zero_dim=\dimen121
\c_max_dim=\dimen122
\l_tmpa_dim=\dimen123
\l_tmpb_dim=\dimen124
\g_tmpa_dim=\dimen125
\g_tmpb_dim=\dimen126
\c_zero_skip=\skip45
\c_max_skip=\skip46
\l_tmpa_skip=\skip47
\l_tmpb_skip=\skip48
\g_tmpa_skip=\skip49
\g_tmpb_skip=\skip50
\c_zero_muskip=\muskip10
\c_max_muskip=\muskip11
\l_tmpa_muskip=\muskip12
\l_tmpb_muskip=\muskip13
\g_tmpa_muskip=\muskip14
\g_tmpb_muskip=\muskip15
\l_keys_choice_int=\count101
\l__intarray_loop_int=\count102
\c__intarray_sp_dim=\dimen127
\g__intarray_font_int=\count103
\c__fp_leading_shift_int=\count104
\c__fp_middle_shift_int=\count105
\c__fp_trailing_shift_int=\count106
\c__fp_big_leading_shift_int=\count107
\c__fp_big_middle_shift_int=\count108
\c__fp_big_trailing_shift_int=\count109
\c__fp_Bigg_leading_shift_int=\count110
\c__fp_Bigg_middle_shift_int=\count111
\c__fp_Bigg_trailing_shift_int=\count112
\g__fp_array_int=\count113
\l__fp_array_loop_int=\count114
\l__sort_length_int=\count115
\l__sort_min_int=\count116
\l__sort_top_int=\count117
\l__sort_max_int=\count118
\l__sort_true_max_int=\count119
\l__sort_block_int=\count120
\l__sort_begin_int=\count121
\l__sort_end_int=\count122
\l__sort_A_int=\count123
\l__sort_B_int=\count124
\l__sort_C_int=\count125
\l__tl_analysis_normal_int=\count126
\l__tl_analysis_index_int=\count127
\l__tl_analysis_nesting_int=\count128
\l__tl_analysis_type_int=\count129
\l__regex_internal_a_int=\count130
\l__regex_internal_b_int=\count131
\l__regex_internal_c_int=\count132
\l__regex_balance_int=\count133
\l__regex_group_level_int=\count134
\l__regex_mode_int=\count135
\c__regex_cs_in_class_mode_int=\count136
\c__regex_cs_mode_int=\count137
\l__regex_catcodes_int=\count138
\l__regex_default_catcodes_int=\count139
\c__regex_catcode_L_int=\count140
\c__regex_catcode_O_int=\count141
\c__regex_catcode_A_int=\count142
\c__regex_all_catcodes_int=\count143
\l__regex_show_lines_int=\count144
\l__regex_min_state_int=\count145
\l__regex_max_state_int=\count146
\l__regex_left_state_int=\count147
\l__regex_right_state_int=\count148
\l__regex_capturing_group_int=\count149
\l__regex_min_pos_int=\count150
\l__regex_max_pos_int=\count151
\l__regex_curr_pos_int=\count152
\l__regex_start_pos_int=\count153
\l__regex_success_pos_int=\count154
\l__regex_curr_char_int=\count155
\l__regex_curr_catcode_int=\count156
\l__regex_last_char_int=\count157
\l__regex_case_changed_char_int=\count158
\l__regex_curr_state_int=\count159
\l__regex_step_int=\count160
\l__regex_min_active_int=\count161
\l__regex_max_active_int=\count162
\l__regex_replacement_csnames_int=\count163
\l__regex_match_count_int=\count164
\l__regex_min_submatch_int=\count165
\l__regex_submatch_int=\count166
\l__regex_zeroth_submatch_int=\count167
\g__regex_trace_regex_int=\count168
\c_empty_box=\box27
\l_tmpa_box=\box28
\l_tmpb_box=\box29
\g_tmpa_box=\box30
\g_tmpb_box=\box31
\l__box_top_dim=\dimen128
\l__box_bottom_dim=\dimen129
\l__box_left_dim=\dimen130
\l__box_right_dim=\dimen131
\l__box_top_new_dim=\dimen132
\l__box_bottom_new_dim=\dimen133
\l__box_left_new_dim=\dimen134
\l__box_right_new_dim=\dimen135
\l__box_internal_box=\box32
\l__coffin_internal_box=\box33
\l__coffin_internal_dim=\dimen136
\l__coffin_offset_x_dim=\dimen137
\l__coffin_offset_y_dim=\dimen138
\l__coffin_x_dim=\dimen139
\l__coffin_y_dim=\dimen140
\l__coffin_x_prime_dim=\dimen141
\l__coffin_y_prime_dim=\dimen142
\c_empty_coffin=\box34
\l__coffin_aligned_coffin=\box35
\l__coffin_aligned_internal_coffin=\box36
\l_tmpa_coffin=\box37
\l_tmpb_coffin=\box38
\g_tmpa_coffin=\box39
\g_tmpb_coffin=\box40
\c__coffin_empty_coffin=\box41
\l__coffin_display_coffin=\box42
\l__coffin_display_coord_coffin=\box43
\l__coffin_display_pole_coffin=\box44
\l__coffin_display_offset_dim=\dimen143
\l__coffin_display_x_dim=\dimen144
\l__coffin_display_y_dim=\dimen145
\g__file_internal_ior=\read1
\l__coffin_bounding_shift_dim=\dimen146
\l__coffin_left_corner_dim=\dimen147
\l__coffin_right_corner_dim=\dimen148
\l__coffin_bottom_corner_dim=\dimen149
\l__coffin_top_corner_dim=\dimen150
\l__coffin_scaled_total_height_dim=\dimen151
\l__coffin_scaled_width_dim=\dimen152
\l__seq_internal_a_int=\count169
\l__seq_internal_b_int=\count170
)
(/usr/share/texmf-dist/tex/latex/l3kernel/l3pdfmode.def
File: l3pdfmode.def 2019-02-15 v L3 Experimental driver: PDF mode
\l__driver_color_stack_int=\count171
))
(/usr/share/texmf-dist/tex/latex/l3packages/xparse/xparse.sty
Package: xparse 2018-10-17 L3 Experimental document command parser
\l__xparse_current_arg_int=\count172
\g__xparse_grabber_int=\count173
\l__xparse_m_args_int=\count174
\l__xparse_mandatory_args_int=\count175
\l__xparse_v_nesting_int=\count176
)
(/usr/share/texmf-dist/tex/latex/numprint/numprint.sty
Package: numprint 2012/08/20 v1.39 Print numbers (HH)

(/usr/share/texmf-dist/tex/latex/tools/array.sty
Package: array 2018/12/30 v2.4k Tabular extension package (FMi)
\col@sep=\dimen153
\ar@mcellbox=\box45
\extrarowheight=\dimen154
\NC@list=\toks15
\extratabsurround=\skip51
\backup@length=\skip52
\ar@cellbox=\box46
)
\c@nprt@mantissa@digitsbefore=\count177
\c@nprt@mantissa@digitsafter=\count178
\c@nprt@exponent@digitsbefore=\count179
\c@nprt@exponent@digitsafter=\count180
\nprt@digitwidth=\skip53
\nprt@sepwidth=\skip54
\nprt@decimalwidth=\skip55
\nprt@blockwidth=\skip56
\nprt@digittoks=\toks16
\nprt@pretoks=\toks17
\nprt@posttoks=\toks18
\nprt@thisdigit=\count181
\nprt@curpos=\count182
\nprt@rndpos=\count183
\c@nprt@digitsfirstblock=\count184
\c@nprt@blockcnt=\count185
\c@nprt@cntprint=\count186

No configuration file `numprint.cfg' found.)
(./process_filename_type_classe_nom_prenom.tex)

Class lettre Warning: Le nommage des fichiers instituts en `<institut>.ins' est 
obsolete, veuillez les nommer en `lettre-<institut>.cfg' on input line 13.


Class lettre Message: Fichier de defaut: lyceeLMA.ins.

)
! Emergency stop.
<*> lettrerecommandation-specific_header.tex
                                         
*** (job aborted, no legal \end found)



Here is how much of LuaTeX's memory you used:
 10619 strings out of 494383
 100000,266212 words of node,token memory allocated 398 words of node memory still in use:
   2 hlist, 1 rule, 1 dir, 3 kern, 1 glyph, 4 attribute, 52 glue_spec, 4 attribu
te_list, 1 write nodes
   avail lists: 1:2,2:9,3:3,4:2,5:1,7:2,8:1,9:2,11:1
 14793 multiletter control sequences out of 65536+600000
 25 fonts using 5549591 bytes
 34i,0n,61p,826b,446s stack positions out of 5000i,500n,10000p,200000b,100000s
!  ==> Fatal error occurred, no output PDF file produced!
