This is LuaHBTeX, Version 1.12.0 (TeX Live 2020/Arch Linux)  (format=lualatex 2020.7.22)  7 OCT 2020 17:10
 system commands enabled.
 file:line:error style messages enabled.
**\newif\ifhandout\handouttrue \newif\ifwacom\wacomfalse \input progcolle-speci
fic_header.tex
Lua module: luaotfload-main 2020-05-06 3.14 luaotfload entry point
Lua module: luaotfload-init 2020-05-06 3.14 luaotfload submodule / initialization
Lua module: lualibs 2020-05-01 2.71 ConTeXt Lua standard libraries.
Lua module: lualibs-extended 2020-05-01 2.71 ConTeXt Lua libraries -- extended collection.
Lua module: luaotfload-log 2020-05-06 3.14 luaotfload submodule / logging
Lua module: luaotfload-parsers 2020-05-06 3.14 luaotfload submodule / filelist
Lua module: luaotfload-configuration 2020-05-06 3.14 luaotfload submodule / config file reader
luaotfload | conf : Root cache directory is "/home/taurgal/.texlive/texmf-var/luatex-cache/generic-dev/names".
luaotfload | init : Loading fontloader "fontloader-2020-05-06.lua" from kpse-resolved path "/usr/share/texmf-dist/tex/luatex/luaotfload/fontloader-2020-05-06.lua".
Lua-only attribute luaotfload@noligature = 1
Lua-only attribute luaotfload@syllabe = 2
luaotfload | init : Context OpenType loader version 0x1.8e353f7ced917p+1
Lua module: luaotfload-fallback 2020-05-06 3.14 luaotfload submodule / fallback
Lua module: luaotfload-multiscript 2020-05-06 3.14 luaotfload submodule / multiscript
Lua module: luaotfload-script 2020-05-06 3.14 luaotfload submodule / Script helpers
Inserting `luaotfload.node_processor' at position 1 in `pre_linebreak_filter'.
Inserting `luaotfload.node_processor' at position 1 in `hpack_filter'.
Lua module: luaotfload-loaders 2020-05-06 3.14 luaotfload submodule / callback handling
Inserting `luaotfload.define_font' at position 1 in `define_font'.
Lua module: luaotfload-database 2020-05-06 3.14 luaotfload submodule / database
Lua module: luaotfload-unicode 2020-05-06 3.14 luaotfload submodule / Unicode helpers
Lua module: luaotfload-colors 2020-05-06 3.14 luaotfload submodule / color
Lua-only attribute luaotfload_color_attribute = 3
Lua module: luaotfload-resolvers 2020-05-06 3.14 luaotfload submodule / resolvers
luaotfload | conf : Root cache directory is "/home/taurgal/.texlive/texmf-var/luatex-cache/generic-dev/names".
Lua module: luaotfload-features 2020-05-06 3.14 luaotfload submodule / features
Lua module: luaotfload-harf-define 2020-05-06 3.14 luaotfload submodule / database
Inserting `luaotfload.harf.strip_prefix' at position 1 in `find_opentype_file'.
Inserting `luaotfload.harf.strip_prefix' at position 1 in `find_truetype_file'.
Lua module: luaotfload-harf-plug 2020-05-06 3.14 luaotfload submodule / database
Inserting `Harf pre_output_filter callback' at position 1 in `pre_output_filter'.
Inserting `Harf wrapup_run callback' at position 1 in `wrapup_run'.
Inserting `Harf finish_pdffile callback' at position 1 in `finish_pdffile'.
Inserting `Harf glyph_info callback' at position 1 in `glyph_info'.
Lua module: luaotfload-letterspace 2020-05-06 3.14 luaotfload submodule / color
Lua module: luaotfload-embolden 2020-05-06 3.14 luaotfload submodule / color
Lua module: luaotfload-notdef 2020-05-06 3.14 luaotfload submodule / color
Lua module: luaotfload-suppress 2020-05-06 3.14 luaotfload submodule / suppress
Lua module: luaotfload-szss 2020-05-06 3.14 luaotfload submodule / color
Lua module: luaotfload-auxiliary 2020-05-06 3.14 luaotfload submodule / auxiliary functions
Inserting `luaotfload.aux.set_sscale_dimens' at position 1 in `luaotfload.patch_font'.
Inserting `luaotfload.aux.set_font_index' at position 2 in `luaotfload.patch_font'.
Inserting `luaotfload.aux.patch_cambria_domh' at position 3 in `luaotfload.patch_font'.
Inserting `luaotfload.aux.fixup_fontdata' at position 1 in `luaotfload.patch_font_unsafe'.
Inserting `luaotfload.aux.set_capheight' at position 4 in `luaotfload.patch_font'.
Inserting `luaotfload.aux.set_xheight' at position 5 in `luaotfload.patch_font'.
Lua module: luaotfload-tounicode 2020-05-06 3.14 luaotfload submodule / tounicode
Inserting `luaotfload.rewrite_fontname' at position 6 in `luaotfload.patch_font'.
 (./progcolle-specific_header.tex

./progcolle-specific_header.tex:1: LaTeX Error: \usepackage before \documentcla
ss.

See the LaTeX manual or LaTeX Companion for explanation.
Type  H <return>  for immediate help.
 ...                                              
                                                  
l.1 ...p=1.2cm,bottom=1.0cm,left=1.2cm,right=1.2cm]{
                                                  geometry}
\usepackage may only appear in the document preamble, i.e.,
between \documentclass and \begin{document}.

(./header_common.tex

./header_common.tex:1: LaTeX Error: \usepackage before \documentclass.

See the LaTeX manual or LaTeX Companion for explanation.
Type  H <return>  for immediate help.
 ...                                              
                                                  
l.1 \usepackage[utf8]{
                    luainputenc}%
\usepackage may only appear in the document preamble, i.e.,
between \documentclass and \begin{document}.


./header_common.tex:2: LaTeX Error: \usepackage before \documentclass.

See the LaTeX manual or LaTeX Companion for explanation.
Type  H <return>  for immediate help.
 ...                                              
                                                  
l.2 \usepackage{
              mathtools}
\usepackage may only appear in the document preamble, i.e.,
between \documentclass and \begin{document}.


./header_common.tex:3: LaTeX Error: \usepackage before \documentclass.

See the LaTeX manual or LaTeX Companion for explanation.
Type  H <return>  for immediate help.
 ...                                              
                                                  
l.3 \usepackage{
              amssymb}
\usepackage may only appear in the document preamble, i.e.,
between \documentclass and \begin{document}.


./header_common.tex:4: LaTeX Error: \usepackage before \documentclass.

See the LaTeX manual or LaTeX Companion for explanation.
Type  H <return>  for immediate help.
 ...                                              
                                                  
l.4 \usepackage{
              amsmath}
\usepackage may only appear in the document preamble, i.e.,
between \documentclass and \begin{document}.


./header_common.tex:5: LaTeX Error: \usepackage before \documentclass.

See the LaTeX manual or LaTeX Companion for explanation.
Type  H <return>  for immediate help.
 ...                                              
                                                  
l.5 \usepackage{
              ifluatex}
\usepackage may only appear in the document preamble, i.e.,
between \documentclass and \begin{document}.

./header_common.tex:6: Undefined control sequence.
l.6 \ifluatex
           %
The control sequence at the end of the top line
of your error message was never \def'ed. If you have
misspelled it (e.g., `\hobx'), type `I' and the correct
spelling (e.g., `I\hbox'). Otherwise just continue,
and I'll forget about whatever was undefined.


./header_common.tex:7: LaTeX Error: \usepackage before \documentclass.

See the LaTeX manual or LaTeX Companion for explanation.
Type  H <return>  for immediate help.
 ...                                              
                                                  
l.7 \usepackage{
              fontspec}
\usepackage may only appear in the document preamble, i.e.,
between \documentclass and \begin{document}.

./header_common.tex:9: Undefined control sequence.
l.9 \setmainfont
              {Linux Libertine O}
The control sequence at the end of the top line
of your error message was never \def'ed. If you have
misspelled it (e.g., `\hobx'), type `I' and the correct
spelling (e.g., `I\hbox'). Otherwise just continue,
and I'll forget about whatever was undefined.


./header_common.tex:9: LaTeX Error: Missing \begin{document}.

See the LaTeX manual or LaTeX Companion for explanation.
Type  H <return>  for immediate help.
 ...                                              
                                                  
l.9 \setmainfont{L
                inux Libertine O}
You're in trouble here.  Try typing  <return>  to proceed.
If that doesn't work, type  X <return>  to quit.

./header_common.tex:10: Undefined control sequence.
l.10 \setsansfont
               {Linux Biolinum O}
The control sequence at the end of the top line
of your error message was never \def'ed. If you have
misspelled it (e.g., `\hobx'), type `I' and the correct
spelling (e.g., `I\hbox'). Otherwise just continue,
and I'll forget about whatever was undefined.


Overfull \hbox (20.0pt too wide) in paragraph at lines 9--11
[]Linux
 []

./header_common.tex:15: Extra \else.
l.15 \else
        %
I'm ignoring this; it doesn't match any \if.


./header_common.tex:16: LaTeX Error: \usepackage before \documentclass.

See the LaTeX manual or LaTeX Companion for explanation.
Type  H <return>  for immediate help.
 ...                                              
                                                  
l.16   \usepackage[utf8]{
                       inputenc}%
\usepackage may only appear in the document preamble, i.e.,
between \documentclass and \begin{document}.

./header_common.tex:17: Extra \fi.
l.17 \fi
      
I'm ignoring this; it doesn't match any \if.


./header_common.tex:18: LaTeX Error: \usepackage before \documentclass.

See the LaTeX manual or LaTeX Companion for explanation.
Type  H <return>  for immediate help.
 ...                                              
                                                  
l.18 \usepackage{
               xcolor}
\usepackage may only appear in the document preamble, i.e.,
between \documentclass and \begin{document}.


./header_common.tex:19: LaTeX Error: \usepackage before \documentclass.

See the LaTeX manual or LaTeX Companion for explanation.
Type  H <return>  for immediate help.
 ...                                              
                                                  
l.19 \usepackage{
               dsfont}
\usepackage may only appear in the document preamble, i.e.,
between \documentclass and \begin{document}.


./header_common.tex:20: LaTeX Error: \usepackage before \documentclass.

See the LaTeX manual or LaTeX Companion for explanation.
Type  H <return>  for immediate help.
 ...                                              
                                                  
l.20 \usepackage{
               suffix}
\usepackage may only appear in the document preamble, i.e.,
between \documentclass and \begin{document}.


./header_common.tex:21: LaTeX Error: \usepackage before \documentclass.

See the LaTeX manual or LaTeX Companion for explanation.
Type  H <return>  for immediate help.
 ...                                              
                                                  
l.21 \usepackage{
               soul}
\usepackage may only appear in the document preamble, i.e.,
between \documentclass and \begin{document}.


./header_common.tex:23: LaTeX Error: \usepackage before \documentclass.

See the LaTeX manual or LaTeX Companion for explanation.
Type  H <return>  for immediate help.
 ...                                              
                                                  
l.23 \usepackage{
               expl3}
\usepackage may only appear in the document preamble, i.e.,
between \documentclass and \begin{document}.


./header_common.tex:24: LaTeX Error: \usepackage before \documentclass.

See the LaTeX manual or LaTeX Companion for explanation.
Type  H <return>  for immediate help.
 ...                                              
                                                  
l.24 \usepackage{
               etoolbox}
\usepackage may only appear in the document preamble, i.e.,
between \documentclass and \begin{document}.


./header_common.tex:25: LaTeX Error: \usepackage before \documentclass.

See the LaTeX manual or LaTeX Companion for explanation.
Type  H <return>  for immediate help.
 ...                                              
                                                  
l.25 \usepackage{
               xstring}
\usepackage may only appear in the document preamble, i.e.,
between \documentclass and \begin{document}.


./header_common.tex:26: LaTeX Error: \usepackage before \documentclass.

See the LaTeX manual or LaTeX Companion for explanation.
Type  H <return>  for immediate help.
 ...                                              
                                                  
l.26 \usepackage{
               xparse}
\usepackage may only appear in the document preamble, i.e.,
between \documentclass and \begin{document}.

./header_common.tex:34: Undefined control sequence.
l.34 \DeclareDocumentCommand
                          \derivative{ s o m g d() }
The control sequence at the end of the top line
of your error message was never \def'ed. If you have
misspelled it (e.g., `\hobx'), type `I' and the correct
spelling (e.g., `I\hbox'). Otherwise just continue,
and I'll forget about whatever was undefined.

./header_common.tex:34: Undefined control sequence.
l.34 \DeclareDocumentCommand\derivative
                                     { s o m g d() }
The control sequence at the end of the top line
of your error message was never \def'ed. If you have
misspelled it (e.g., `\hobx'), type `I' and the correct
spelling (e.g., `I\hbox'). Otherwise just continue,
and I'll forget about whatever was undefined.


./header_common.tex:34: LaTeX Error: Missing \begin{document}.

See the LaTeX manual or LaTeX Companion for explanation.
Type  H <return>  for immediate help.
 ...                                              
                                                  
l.34 \DeclareDocumentCommand\derivative{ s
                                         o m g d() }
You're in trouble here.  Try typing  <return>  to proceed.
If that doesn't work, type  X <return>  to quit.

./header_common.tex:41: Undefined control sequence.
l.41 	\IfBooleanTF
                {#1}
The control sequence at the end of the top line
of your error message was never \def'ed. If you have
misspelled it (e.g., `\hobx'), type `I' and the correct
spelling (e.g., `I\hbox'). Otherwise just continue,
and I'll forget about whatever was undefined.

./header_common.tex:41: You can't use `macro parameter character #' in horizonta
l mode.
l.41 	\IfBooleanTF{#
                  1}
Sorry, but I'm not programmed to handle this case;
I'll just pretend that you didn''t ask for it.
If you're in the wrong mode, you might be able to
return to the right one by typing `I}' or `I$' or `I\par'.

./header_common.tex:44: Undefined control sequence.
l.44 	\IfNoValueTF
                {#4}
The control sequence at the end of the top line
of your error message was never \def'ed. If you have
misspelled it (e.g., `\hobx'), type `I' and the correct
spelling (e.g., `I\hbox'). Otherwise just continue,
and I'll forget about whatever was undefined.

./header_common.tex:44: You can't use `macro parameter character #' in horizonta
l mode.
l.44 	\IfNoValueTF{#
                  4}
Sorry, but I'm not programmed to handle this case;
I'll just pretend that you didn''t ask for it.
If you're in the wrong mode, you might be able to
return to the right one by typing `I}' or `I$' or `I\par'.

./header_common.tex:46: Undefined control sequence.
l.46 		\IfNoValueTF
                 {#5}
The control sequence at the end of the top line
of your error message was never \def'ed. If you have
misspelled it (e.g., `\hobx'), type `I' and the correct
spelling (e.g., `I\hbox'). Otherwise just continue,
and I'll forget about whatever was undefined.

./header_common.tex:46: You can't use `macro parameter character #' in horizonta
l mode.
l.46 		\IfNoValueTF{#
                   5}
Sorry, but I'm not programmed to handle this case;
I'll just pretend that you didn''t ask for it.
If you're in the wrong mode, you might be able to
return to the right one by typing `I}' or `I$' or `I\par'.

./header_common.tex:47: Undefined control sequence.
l.47 		{\fractype
               {\diffd \IfNoValueTF{#2}{}{^{#2}}}{\diffd #3\IfNoValueTF{#2}{...
The control sequence at the end of the top line
of your error message was never \def'ed. If you have
misspelled it (e.g., `\hobx'), type `I' and the correct
spelling (e.g., `I\hbox'). Otherwise just continue,
and I'll forget about whatever was undefined.


./header_common.tex:47: LaTeX Error: \mathrm allowed only in math mode.

See the LaTeX manual or LaTeX Companion for explanation.
Type  H <return>  for immediate help.
 ...                                              
                                                  
l.47 		{\fractype{\diffd
                       \IfNoValueTF{#2}{}{^{#2}}}{\diffd #3\IfNoValueTF{#2}{...
You're in trouble here.  Try typing  <return>  to proceed.
If that doesn't work, type  X <return>  to quit.

./header_common.tex:47: Undefined control sequence.
l.47 		{\fractype{\diffd \IfNoValueTF
                                   {#2}{}{^{#2}}}{\diffd #3\IfNoValueTF{#2}{...
The control sequence at the end of the top line
of your error message was never \def'ed. If you have
misspelled it (e.g., `\hobx'), type `I' and the correct
spelling (e.g., `I\hbox'). Otherwise just continue,
and I'll forget about whatever was undefined.

./header_common.tex:47: You can't use `macro parameter character #' in horizonta
l mode.
l.47 		{\fractype{\diffd \IfNoValueTF{#
                                     2}{}{^{#2}}}{\diffd #3\IfNoValueTF{#2}{...
Sorry, but I'm not programmed to handle this case;
I'll just pretend that you didn''t ask for it.
If you're in the wrong mode, you might be able to
return to the right one by typing `I}' or `I$' or `I\par'.

./header_common.tex:47: Missing $ inserted.
<inserted text> 
$
l.47 		{\fractype{\diffd \IfNoValueTF{#2}{}{^
                                           {#2}}}{\diffd #3\IfNoValueTF{#2}{...
I've inserted a begin-math/end-math symbol since I think
you left one out. Proceed, with fingers crossed.

LaTeX Font Info:    External font `cmex10' loaded for size
(Font)              <7> on input line 47.
LaTeX Font Info:    External font `cmex10' loaded for size
(Font)              <5> on input line 47.
./header_common.tex:47: You can't use `macro parameter character #' in math mode
.
l.47 		{\fractype{\diffd \IfNoValueTF{#2}{}{^{#
                                             2}}}{\diffd #3\IfNoValueTF{#2}{...
Sorry, but I'm not programmed to handle this case;
I'll just pretend that you didn''t ask for it.
If you're in the wrong mode, you might be able to
return to the right one by typing `I}' or `I$' or `I\par'.

./header_common.tex:47: Extra }, or forgotten $.
l.47 		{\fractype{\diffd \IfNoValueTF{#2}{}{^{#2}}
                                                }{\diffd #3\IfNoValueTF{#2}{...
I've deleted a group-closing symbol because it seems to be
spurious, as in `$x}$'. But perhaps the } is legitimate and
you forgot something else, as in `\hbox{$x}'. In such cases
the way to recover is to insert both the forgotten and the
deleted material, e.g., by typing `I$}'.

./header_common.tex:47: Extra }, or forgotten $.
l.47 		{\fractype{\diffd \IfNoValueTF{#2}{}{^{#2}}}
                                                 {\diffd #3\IfNoValueTF{#2}{...
I've deleted a group-closing symbol because it seems to be
spurious, as in `$x}$'. But perhaps the } is legitimate and
you forgot something else, as in `\hbox{$x}'. In such cases
the way to recover is to insert both the forgotten and the
deleted material, e.g., by typing `I$}'.

./header_common.tex:47: You can't use `macro parameter character #' in math mode
.
l.47 ...e{\diffd \IfNoValueTF{#2}{}{^{#2}}}{\diffd #
                                                  3\IfNoValueTF{#2}{}{^{#2}}}}
Sorry, but I'm not programmed to handle this case;
I'll just pretend that you didn''t ask for it.
If you're in the wrong mode, you might be able to
return to the right one by typing `I}' or `I$' or `I\par'.

./header_common.tex:47: Undefined control sequence.
l.47 ...oValueTF{#2}{}{^{#2}}}{\diffd #3\IfNoValueTF
                                                  {#2}{}{^{#2}}}}
The control sequence at the end of the top line
of your error message was never \def'ed. If you have
misspelled it (e.g., `\hobx'), type `I' and the correct
spelling (e.g., `I\hbox'). Otherwise just continue,
and I'll forget about whatever was undefined.

./header_common.tex:47: You can't use `macro parameter character #' in math mode
.
l.47 ...alueTF{#2}{}{^{#2}}}{\diffd #3\IfNoValueTF{#
                                                  2}{}{^{#2}}}}
Sorry, but I'm not programmed to handle this case;
I'll just pretend that you didn''t ask for it.
If you're in the wrong mode, you might be able to
return to the right one by typing `I}' or `I$' or `I\par'.

./header_common.tex:47: You can't use `macro parameter character #' in math mode
.
l.47 ...2}{}{^{#2}}}{\diffd #3\IfNoValueTF{#2}{}{^{#
                                                  2}}}}
Sorry, but I'm not programmed to handle this case;
I'll just pretend that you didn''t ask for it.
If you're in the wrong mode, you might be able to
return to the right one by typing `I}' or `I$' or `I\par'.

./header_common.tex:47: Extra }, or forgotten $.
l.47 ...^{#2}}}{\diffd #3\IfNoValueTF{#2}{}{^{#2}}}}
                                                  
I've deleted a group-closing symbol because it seems to be
spurious, as in `$x}$'. But perhaps the } is legitimate and
you forgot something else, as in `\hbox{$x}'. In such cases
the way to recover is to insert both the forgotten and the
deleted material, e.g., by typing `I$}'.

./header_common.tex:48: Undefined control sequence.
l.48 		{\fractype
               {\diffd \IfNoValueTF{#2}{}{^{#2}}}{\diffd #3\IfNoValueTF{#2}{...
The control sequence at the end of the top line
of your error message was never \def'ed. If you have
misspelled it (e.g., `\hobx'), type `I' and the correct
spelling (e.g., `I\hbox'). Otherwise just continue,
and I'll forget about whatever was undefined.

./header_common.tex:48: Undefined control sequence.
l.48 		{\fractype{\diffd \IfNoValueTF
                                   {#2}{}{^{#2}}}{\diffd #3\IfNoValueTF{#2}{...
The control sequence at the end of the top line
of your error message was never \def'ed. If you have
misspelled it (e.g., `\hobx'), type `I' and the correct
spelling (e.g., `I\hbox'). Otherwise just continue,
and I'll forget about whatever was undefined.

./header_common.tex:48: You can't use `macro parameter character #' in math mode
.
l.48 		{\fractype{\diffd \IfNoValueTF{#
                                     2}{}{^{#2}}}{\diffd #3\IfNoValueTF{#2}{...
Sorry, but I'm not programmed to handle this case;
I'll just pretend that you didn''t ask for it.
If you're in the wrong mode, you might be able to
return to the right one by typing `I}' or `I$' or `I\par'.

./header_common.tex:48: You can't use `macro parameter character #' in math mode
.
l.48 		{\fractype{\diffd \IfNoValueTF{#2}{}{^{#
                                             2}}}{\diffd #3\IfNoValueTF{#2}{...
Sorry, but I'm not programmed to handle this case;
I'll just pretend that you didn''t ask for it.
If you're in the wrong mode, you might be able to
return to the right one by typing `I}' or `I$' or `I\par'.

./header_common.tex:48: You can't use `macro parameter character #' in math mode
.
l.48 ...e{\diffd \IfNoValueTF{#2}{}{^{#2}}}{\diffd #
                                                  3\IfNoValueTF{#2}{}{^{#2}}...
Sorry, but I'm not programmed to handle this case;
I'll just pretend that you didn''t ask for it.
If you're in the wrong mode, you might be able to
return to the right one by typing `I}' or `I$' or `I\par'.

./header_common.tex:48: Undefined control sequence.
l.48 ...oValueTF{#2}{}{^{#2}}}{\diffd #3\IfNoValueTF
                                                  {#2}{}{^{#2}}} \argopen(#5...
The control sequence at the end of the top line
of your error message was never \def'ed. If you have
misspelled it (e.g., `\hobx'), type `I' and the correct
spelling (e.g., `I\hbox'). Otherwise just continue,
and I'll forget about whatever was undefined.

./header_common.tex:48: You can't use `macro parameter character #' in math mode
.
l.48 ...alueTF{#2}{}{^{#2}}}{\diffd #3\IfNoValueTF{#
                                                  2}{}{^{#2}}} \argopen(#5\a...
Sorry, but I'm not programmed to handle this case;
I'll just pretend that you didn''t ask for it.
If you're in the wrong mode, you might be able to
return to the right one by typing `I}' or `I$' or `I\par'.

./header_common.tex:48: You can't use `macro parameter character #' in math mode
.
l.48 ...2}{}{^{#2}}}{\diffd #3\IfNoValueTF{#2}{}{^{#
                                                  2}}} \argopen(#5\argclose)}
Sorry, but I'm not programmed to handle this case;
I'll just pretend that you didn''t ask for it.
If you're in the wrong mode, you might be able to
return to the right one by typing `I}' or `I$' or `I\par'.

./header_common.tex:48: Undefined control sequence.
l.48 ...\diffd #3\IfNoValueTF{#2}{}{^{#2}}} \argopen
                                                  (#5\argclose)}
The control sequence at the end of the top line
of your error message was never \def'ed. If you have
misspelled it (e.g., `\hobx'), type `I' and the correct
spelling (e.g., `I\hbox'). Otherwise just continue,
and I'll forget about whatever was undefined.

./header_common.tex:48: You can't use `macro parameter character #' in math mode
.
l.48 ...iffd #3\IfNoValueTF{#2}{}{^{#2}}} \argopen(#
                                                  5\argclose)}
Sorry, but I'm not programmed to handle this case;
I'll just pretend that you didn''t ask for it.
If you're in the wrong mode, you might be able to
return to the right one by typing `I}' or `I$' or `I\par'.

./header_common.tex:48: Undefined control sequence.
l.48 ...NoValueTF{#2}{}{^{#2}}} \argopen(#5\argclose
                                                  )}
The control sequence at the end of the top line
of your error message was never \def'ed. If you have
misspelled it (e.g., `\hobx'), type `I' and the correct
spelling (e.g., `I\hbox'). Otherwise just continue,
and I'll forget about whatever was undefined.

./header_common.tex:49: Extra }, or forgotten $.
l.49 	}
     
I've deleted a group-closing symbol because it seems to be
spurious, as in `$x}$'. But perhaps the } is legitimate and
you forgot something else, as in `\hbox{$x}'. In such cases
the way to recover is to insert both the forgotten and the
deleted material, e.g., by typing `I$}'.

./header_common.tex:50: Undefined control sequence.
l.50 	{\fractype
              {\diffd \IfNoValueTF{#2}{}{^{#2}} #3}{\diffd #4\IfNoValueTF{#2...
The control sequence at the end of the top line
of your error message was never \def'ed. If you have
misspelled it (e.g., `\hobx'), type `I' and the correct
spelling (e.g., `I\hbox'). Otherwise just continue,
and I'll forget about whatever was undefined.

./header_common.tex:50: Undefined control sequence.
l.50 	{\fractype{\diffd \IfNoValueTF
                                  {#2}{}{^{#2}} #3}{\diffd #4\IfNoValueTF{#2...
The control sequence at the end of the top line
of your error message was never \def'ed. If you have
misspelled it (e.g., `\hobx'), type `I' and the correct
spelling (e.g., `I\hbox'). Otherwise just continue,
and I'll forget about whatever was undefined.

./header_common.tex:50: You can't use `macro parameter character #' in math mode
.
l.50 	{\fractype{\diffd \IfNoValueTF{#
                                    2}{}{^{#2}} #3}{\diffd #4\IfNoValueTF{#2...
Sorry, but I'm not programmed to handle this case;
I'll just pretend that you didn''t ask for it.
If you're in the wrong mode, you might be able to
return to the right one by typing `I}' or `I$' or `I\par'.

./header_common.tex:50: You can't use `macro parameter character #' in math mode
.
l.50 	{\fractype{\diffd \IfNoValueTF{#2}{}{^{#
                                            2}} #3}{\diffd #4\IfNoValueTF{#2...
Sorry, but I'm not programmed to handle this case;
I'll just pretend that you didn''t ask for it.
If you're in the wrong mode, you might be able to
return to the right one by typing `I}' or `I$' or `I\par'.

./header_common.tex:50: You can't use `macro parameter character #' in math mode
.
l.50 	{\fractype{\diffd \IfNoValueTF{#2}{}{^{#2}} #
                                                 3}{\diffd #4\IfNoValueTF{#2...
Sorry, but I'm not programmed to handle this case;
I'll just pretend that you didn''t ask for it.
If you're in the wrong mode, you might be able to
return to the right one by typing `I}' or `I$' or `I\par'.

./header_common.tex:50: You can't use `macro parameter character #' in math mode
.
l.50 ...diffd \IfNoValueTF{#2}{}{^{#2}} #3}{\diffd #
                                                  4\IfNoValueTF{#2}{}{^{#2}}}}
Sorry, but I'm not programmed to handle this case;
I'll just pretend that you didn''t ask for it.
If you're in the wrong mode, you might be able to
return to the right one by typing `I}' or `I$' or `I\par'.

./header_common.tex:50: Undefined control sequence.
l.50 ...lueTF{#2}{}{^{#2}} #3}{\diffd #4\IfNoValueTF
                                                  {#2}{}{^{#2}}}}
The control sequence at the end of the top line
of your error message was never \def'ed. If you have
misspelled it (e.g., `\hobx'), type `I' and the correct
spelling (e.g., `I\hbox'). Otherwise just continue,
and I'll forget about whatever was undefined.

./header_common.tex:50: You can't use `macro parameter character #' in math mode
.
l.50 ...eTF{#2}{}{^{#2}} #3}{\diffd #4\IfNoValueTF{#
                                                  2}{}{^{#2}}}}
Sorry, but I'm not programmed to handle this case;
I'll just pretend that you didn''t ask for it.
If you're in the wrong mode, you might be able to
return to the right one by typing `I}' or `I$' or `I\par'.

./header_common.tex:50: You can't use `macro parameter character #' in math mode
.
l.50 ...}{^{#2}} #3}{\diffd #4\IfNoValueTF{#2}{}{^{#
                                                  2}}}}
Sorry, but I'm not programmed to handle this case;
I'll just pretend that you didn''t ask for it.
If you're in the wrong mode, you might be able to
return to the right one by typing `I}' or `I$' or `I\par'.

./header_common.tex:51: Extra }, or forgotten $.
l.51 }
    
I've deleted a group-closing symbol because it seems to be
spurious, as in `$x}$'. But perhaps the } is legitimate and
you forgot something else, as in `\hbox{$x}'. In such cases
the way to recover is to insert both the forgotten and the
deleted material, e.g., by typing `I$}'.

./header_common.tex:53: Missing $ inserted.
<inserted text> 
$
l.53 
   
I've inserted a begin-math/end-math symbol since I think
you left one out. Proceed, with fingers crossed.


Overfull \hbox (132.4726pt too wide) in paragraph at lines 34--53
[]somgd()145d2$[][][][][]$ 
 []


./header_common.tex:54: LaTeX Error: \usepackage before \documentclass.

See the LaTeX manual or LaTeX Companion for explanation.
Type  H <return>  for immediate help.
 ...                                              
                                                  
l.54 \usepackage[french]{
                       babel}
\usepackage may only appear in the document preamble, i.e.,
between \documentclass and \begin{document}.

./header_common.tex:55: Undefined control sequence.
l.55 \frenchbsetup
                {og = «, fg = »}
The control sequence at the end of the top line
of your error message was never \def'ed. If you have
misspelled it (e.g., `\hobx'), type `I' and the correct
spelling (e.g., `I\hbox'). Otherwise just continue,
and I'll forget about whatever was undefined.


./header_common.tex:55: LaTeX Error: Missing \begin{document}.

See the LaTeX manual or LaTeX Companion for explanation.
Type  H <return>  for immediate help.
 ...                                              
                                                  
l.55 \frenchbsetup{o
                  g = «, fg = »}
You're in trouble here.  Try typing  <return>  to proceed.
If that doesn't work, type  X <return>  to quit.


./header_common.tex:56: LaTeX Error: \usepackage before \documentclass.

See the LaTeX manual or LaTeX Companion for explanation.
Type  H <return>  for immediate help.
 ...                                              
                                                  
l.56 \usepackage[activate={
                         true,nocompatibility},final,tracking=true]{microtype}
\usepackage may only appear in the document preamble, i.e.,
between \documentclass and \begin{document}.


./header_common.tex:69: LaTeX Error: \usepackage before \documentclass.

See the LaTeX manual or LaTeX Companion for explanation.
Type  H <return>  for immediate help.
 ...                                              
                                                  
l.69 \usepackage{
               ellipsis}
\usepackage may only appear in the document preamble, i.e.,
between \documentclass and \begin{document}.

./header_common.tex:70: Undefined control sequence.
l.70 \definecolor
               {ocre}{RGB}{243,102,25}
The control sequence at the end of the top line
of your error message was never \def'ed. If you have
misspelled it (e.g., `\hobx'), type `I' and the correct
spelling (e.g., `I\hbox'). Otherwise just continue,
and I'll forget about whatever was undefined.

./header_common.tex:71: Undefined control sequence.
l.71 \definecolor
               {teal}{RGB}{243,102,25}
The control sequence at the end of the top line
of your error message was never \def'ed. If you have
misspelled it (e.g., `\hobx'), type `I' and the correct
spelling (e.g., `I\hbox'). Otherwise just continue,
and I'll forget about whatever was undefined.

./header_common.tex:72: Undefined control sequence.
l.72 \definecolor
               {lightgreen}{RGB}{50,200,50}
The control sequence at the end of the top line
of your error message was never \def'ed. If you have
misspelled it (e.g., `\hobx'), type `I' and the correct
spelling (e.g., `I\hbox'). Otherwise just continue,
and I'll forget about whatever was undefined.


./header_common.tex:73: LaTeX Error: \usepackage before \documentclass.

See the LaTeX manual or LaTeX Companion for explanation.
Type  H <return>  for immediate help.
 ...                                              
                                                  
l.73 \usepackage{
               datenumber}
\usepackage may only appear in the document preamble, i.e.,
between \documentclass and \begin{document}.

./header_common.tex:74: Undefined control sequence.
l.74 \setstartyear
                {2000}
The control sequence at the end of the top line
of your error message was never \def'ed. If you have
misspelled it (e.g., `\hobx'), type `I' and the correct
spelling (e.g., `I\hbox'). Otherwise just continue,
and I'll forget about whatever was undefined.


./header_common.tex:75: LaTeX Error: \usepackage before \documentclass.

See the LaTeX manual or LaTeX Companion for explanation.
Type  H <return>  for immediate help.
 ...                                              
                                                  
l.75 \usepackage{
               titlecaps}
\usepackage may only appear in the document preamble, i.e.,
between \documentclass and \begin{document}.


./header_common.tex:81: LaTeX Error: \usepackage before \documentclass.

See the LaTeX manual or LaTeX Companion for explanation.
Type  H <return>  for immediate help.
 ...                                              
                                                  
l.81 \usepackage{
               siunitx}
\usepackage may only appear in the document preamble, i.e.,
between \documentclass and \begin{document}.

./header_common.tex:82: Undefined control sequence.
l.82 \sisetup
           {locale = FR, binary-units=true}
The control sequence at the end of the top line
of your error message was never \def'ed. If you have
misspelled it (e.g., `\hobx'), type `I' and the correct
spelling (e.g., `I\hbox'). Otherwise just continue,
and I'll forget about whatever was undefined.

./header_common.tex:83: Undefined control sequence.
l.83 \DeclareSIUnit
                  \shortbit  { b }
The control sequence at the end of the top line
of your error message was never \def'ed. If you have
misspelled it (e.g., `\hobx'), type `I' and the correct
spelling (e.g., `I\hbox'). Otherwise just continue,
and I'll forget about whatever was undefined.

./header_common.tex:83: Undefined control sequence.
l.83 \DeclareSIUnit \shortbit
                             { b }
The control sequence at the end of the top line
of your error message was never \def'ed. If you have
misspelled it (e.g., `\hobx'), type `I' and the correct
spelling (e.g., `I\hbox'). Otherwise just continue,
and I'll forget about whatever was undefined.


./header_common.tex:84: LaTeX Error: \usepackage before \documentclass.

See the LaTeX manual or LaTeX Companion for explanation.
Type  H <return>  for immediate help.
 ...                                              
                                                  
l.84 \usepackage{
               pdftexcmds}
\usepackage may only appear in the document preamble, i.e.,
between \documentclass and \begin{document}.


./header_common.tex:85: LaTeX Error: \usepackage before \documentclass.

See the LaTeX manual or LaTeX Companion for explanation.
Type  H <return>  for immediate help.
 ...                                              
                                                  
l.85 \usepackage{
               fancyhdr}
\usepackage may only appear in the document preamble, i.e.,
between \documentclass and \begin{document}.


./header_common.tex:86: LaTeX Error: \usepackage before \documentclass.

See the LaTeX manual or LaTeX Companion for explanation.
Type  H <return>  for immediate help.
 ...                                              
                                                  
l.86 \usepackage{
               textcomp}
\usepackage may only appear in the document preamble, i.e.,
between \documentclass and \begin{document}.


./header_common.tex:88: LaTeX Error: \usepackage before \documentclass.

See the LaTeX manual or LaTeX Companion for explanation.
Type  H <return>  for immediate help.
 ...                                              
                                                  
l.88 \usepackage[explicit]{
                         titlesec}
\usepackage may only appear in the document preamble, i.e.,
between \documentclass and \begin{document}.

./header_common.tex:89: Undefined control sequence.
l.89 \definecolor
               {titlebgdark}{RGB}{0,163,243}
The control sequence at the end of the top line
of your error message was never \def'ed. If you have
misspelled it (e.g., `\hobx'), type `I' and the correct
spelling (e.g., `I\hbox'). Otherwise just continue,
and I'll forget about whatever was undefined.

./header_common.tex:90: Undefined control sequence.
l.90 \definecolor
               {titlebglight}{RGB}{191,233,251}
The control sequence at the end of the top line
of your error message was never \def'ed. If you have
misspelled it (e.g., `\hobx'), type `I' and the correct
spelling (e.g., `I\hbox'). Otherwise just continue,
and I'll forget about whatever was undefined.

./header_common.tex:91: Undefined control sequence.
l.91 \definecolor
               {othertitlebgdark}{RGB}{0,243,163}
The control sequence at the end of the top line
of your error message was never \def'ed. If you have
misspelled it (e.g., `\hobx'), type `I' and the correct
spelling (e.g., `I\hbox'). Otherwise just continue,
and I'll forget about whatever was undefined.

./header_common.tex:92: Undefined control sequence.
l.92 \definecolor
               {othertitlebglight}{RGB}{191,251,233}
The control sequence at the end of the top line
of your error message was never \def'ed. If you have
misspelled it (e.g., `\hobx'), type `I' and the correct
spelling (e.g., `I\hbox'). Otherwise just continue,
and I'll forget about whatever was undefined.

./header_common.tex:93: Undefined control sequence.
l.93 \definecolor
               {CoverLeftBarColor}{RGB}{191,233,251}
The control sequence at the end of the top line
of your error message was never \def'ed. If you have
misspelled it (e.g., `\hobx'), type `I' and the correct
spelling (e.g., `I\hbox'). Otherwise just continue,
and I'll forget about whatever was undefined.

./header_common.tex:94: Undefined control sequence.
l.94 \definecolor
               {CoverUpperBarColor}{RGB}{0,163,243}
The control sequence at the end of the top line
of your error message was never \def'ed. If you have
misspelled it (e.g., `\hobx'), type `I' and the correct
spelling (e.g., `I\hbox'). Otherwise just continue,
and I'll forget about whatever was undefined.


./header_common.tex:96: LaTeX Error: \usepackage before \documentclass.

See the LaTeX manual or LaTeX Companion for explanation.
Type  H <return>  for immediate help.
 ...                                              
                                                  
l.96 \usepackage{
               mathrsfs}
\usepackage may only appear in the document preamble, i.e.,
between \documentclass and \begin{document}.


./header_common.tex:97: LaTeX Error: \usepackage before \documentclass.

See the LaTeX manual or LaTeX Companion for explanation.
Type  H <return>  for immediate help.
 ...                                              
                                                  
l.97 \usepackage{
               stmaryrd}
\usepackage may only appear in the document preamble, i.e.,
between \documentclass and \begin{document}.


./header_common.tex:98: LaTeX Error: \usepackage before \documentclass.

See the LaTeX manual or LaTeX Companion for explanation.
Type  H <return>  for immediate help.
 ...                                              
                                                  
l.98 \usepackage{
               esvect}
\usepackage may only appear in the document preamble, i.e.,
between \documentclass and \begin{document}.


./header_common.tex:104: LaTeX Error: \usepackage before \documentclass.

See the LaTeX manual or LaTeX Companion for explanation.
Type  H <return>  for immediate help.
 ...                                              
                                                  
l.104 \usepackage[np]{
                    numprint}
\usepackage may only appear in the document preamble, i.e.,
between \documentclass and \begin{document}.


./header_common.tex:105: LaTeX Error: \usepackage before \documentclass.

See the LaTeX manual or LaTeX Companion for explanation.
Type  H <return>  for immediate help.
 ...                                              
                                                  
l.105 \usepackage{
                icomma}
\usepackage may only appear in the document preamble, i.e.,
between \documentclass and \begin{document}.


./header_common.tex:106: LaTeX Error: \usepackage before \documentclass.

See the LaTeX manual or LaTeX Companion for explanation.
Type  H <return>  for immediate help.
 ...                                              
                                                  
l.106 \usepackage[newcommands]{
                             ragged2e}
\usepackage may only appear in the document preamble, i.e.,
between \documentclass and \begin{document}.


./header_common.tex:108: LaTeX Error: \usepackage before \documentclass.

See the LaTeX manual or LaTeX Companion for explanation.
Type  H <return>  for immediate help.
 ...                                              
                                                  
l.108 \usepackage{
                multicol}
\usepackage may only appear in the document preamble, i.e.,
between \documentclass and \begin{document}.


./header_common.tex:109: LaTeX Error: \usepackage before \documentclass.

See the LaTeX manual or LaTeX Companion for explanation.
Type  H <return>  for immediate help.
 ...                                              
                                                  
l.109 \usepackage{
                booktabs}
\usepackage may only appear in the document preamble, i.e.,
between \documentclass and \begin{document}.


./header_common.tex:113: LaTeX Error: \usepackage before \documentclass.

See the LaTeX manual or LaTeX Companion for explanation.
Type  H <return>  for immediate help.
 ...                                              
                                                  
l.113 \usepackage{
                enumitem}
\usepackage may only appear in the document preamble, i.e.,
between \documentclass and \begin{document}.

./header_common.tex:114: Undefined control sequence.
l.114 \setlist
            [itemize,1]{label={\textbullet}}
The control sequence at the end of the top line
of your error message was never \def'ed. If you have
misspelled it (e.g., `\hobx'), type `I' and the correct
spelling (e.g., `I\hbox'). Otherwise just continue,
and I'll forget about whatever was undefined.

./header_common.tex:117: Undefined control sequence.
l.117 \enitkv@key
               {}{nbcols}{%
The control sequence at the end of the top line
of your error message was never \def'ed. If you have
misspelled it (e.g., `\hobx'), type `I' and the correct
spelling (e.g., `I\hbox'). Otherwise just continue,
and I'll forget about whatever was undefined.

./header_common.tex:118: Undefined control sequence.
l.118   \ifnumcomp
                {#1}{=}{1}{}{%
The control sequence at the end of the top line
of your error message was never \def'ed. If you have
misspelled it (e.g., `\hobx'), type `I' and the correct
spelling (e.g., `I\hbox'). Otherwise just continue,
and I'll forget about whatever was undefined.

./header_common.tex:118: You can't use `macro parameter character #' in horizont
al mode.
l.118   \ifnumcomp{#
                  1}{=}{1}{}{%
Sorry, but I'm not programmed to handle this case;
I'll just pretend that you didn''t ask for it.
If you're in the wrong mode, you might be able to
return to the right one by typing `I}' or `I$' or `I\par'.

./header_common.tex:121: Illegal parameter number in definition of \enit@before
.
<to be read again> 
1
l.121       \begin{multicols}{#1
                              }}%
You meant to type ## instead of #, right?
Or maybe a } was forgotten somewhere earlier, and things
are all screwed up? I'm going to assume that you meant ##.


./header_common.tex:131: LaTeX Error: \usepackage before \documentclass.

See the LaTeX manual or LaTeX Companion for explanation.
Type  H <return>  for immediate help.
 ...                                              
                                                  
l.131 \usepackage{
                tikz}
\usepackage may only appear in the document preamble, i.e.,
between \documentclass and \begin{document}.

./header_common.tex:132: Undefined control sequence.
l.132 \usetikzlibrary
                   {matrix,calc,arrows,arrows.meta,positioning,tikzmark,deco...
The control sequence at the end of the top line
of your error message was never \def'ed. If you have
misspelled it (e.g., `\hobx'), type `I' and the correct
spelling (e.g., `I\hbox'). Otherwise just continue,
and I'll forget about whatever was undefined.

./header_common.tex:133: Undefined control sequence.
l.133 \tikzset
            {>=latex}
The control sequence at the end of the top line
of your error message was never \def'ed. If you have
misspelled it (e.g., `\hobx'), type `I' and the correct
spelling (e.g., `I\hbox'). Otherwise just continue,
and I'll forget about whatever was undefined.


./header_common.tex:146: LaTeX Error: \usepackage before \documentclass.

See the LaTeX manual or LaTeX Companion for explanation.
Type  H <return>  for immediate help.
 ...                                              
                                                  
l.146 \usepackage{
                tkz-tab}
\usepackage may only appear in the document preamble, i.e.,
between \documentclass and \begin{document}.

./header_common.tex:147: Undefined control sequence.
l.147 \tikzset
            {t style/.style = {style = solid}}
The control sequence at the end of the top line
of your error message was never \def'ed. If you have
misspelled it (e.g., `\hobx'), type `I' and the correct
spelling (e.g., `I\hbox'). Otherwise just continue,
and I'll forget about whatever was undefined.

./header_common.tex:148: Undefined control sequence.
l.148 \presetkeys
                    [TAB] {tbs} {nocadre  = true}{}
The control sequence at the end of the top line
of your error message was never \def'ed. If you have
misspelled it (e.g., `\hobx'), type `I' and the correct
spelling (e.g., `I\hbox'). Otherwise just continue,
and I'll forget about whatever was undefined.


./header_common.tex:150: LaTeX Error: \usepackage before \documentclass.

See the LaTeX manual or LaTeX Companion for explanation.
Type  H <return>  for immediate help.
 ...                                              
                                                  
l.150 \usepackage[skins,theorems,breakable,xparse]{
                                                 tcolorbox}
\usepackage may only appear in the document preamble, i.e.,
between \documentclass and \begin{document}.

./header_common.tex:151: Undefined control sequence.
l.151 \tcbset
           {
The control sequence at the end of the top line
of your error message was never \def'ed. If you have
misspelled it (e.g., `\hobx'), type `I' and the correct
spelling (e.g., `I\hbox'). Otherwise just continue,
and I'll forget about whatever was undefined.

\c@tmp=\count163
\symyhlargesymbols=\mathgroup4

./header_common.tex:213: LaTeX Error: \usepackage before \documentclass.

See the LaTeX manual or LaTeX Companion for explanation.
Type  H <return>  for immediate help.
 ...                                              
                                                  
l.213 \usepackage{
                adjustbox}
\usepackage may only appear in the document preamble, i.e.,
between \documentclass and \begin{document}.

./header_common.tex:218: Undefined control sequence.
l.218 \DeclareListParser
                      {\doscsvlist}{;}
The control sequence at the end of the top line
of your error message was never \def'ed. If you have
misspelled it (e.g., `\hobx'), type `I' and the correct
spelling (e.g., `I\hbox'). Otherwise just continue,
and I'll forget about whatever was undefined.

./header_common.tex:218: Undefined control sequence.
l.218 \DeclareListParser{\doscsvlist
                                  }{;}
The control sequence at the end of the top line
of your error message was never \def'ed. If you have
misspelled it (e.g., `\hobx'), type `I' and the correct
spelling (e.g., `I\hbox'). Otherwise just continue,
and I'll forget about whatever was undefined.


./header_common.tex:260: LaTeX Error: \usepackage before \documentclass.

See the LaTeX manual or LaTeX Companion for explanation.
Type  H <return>  for immediate help.
 ...                                              
                                                  
l.260 \usepackage{
                pgfplots}
\usepackage may only appear in the document preamble, i.e.,
between \documentclass and \begin{document}.

./header_common.tex:261: Undefined control sequence.
l.261 \pgfplotsset
                {%
The control sequence at the end of the top line
of your error message was never \def'ed. If you have
misspelled it (e.g., `\hobx'), type `I' and the correct
spelling (e.g., `I\hbox'). Otherwise just continue,
and I'll forget about whatever was undefined.

./header_common.tex:265: Undefined control sequence.
l.265 \pgfplotsset
                {%
The control sequence at the end of the top line
of your error message was never \def'ed. If you have
misspelled it (e.g., `\hobx'), type `I' and the correct
spelling (e.g., `I\hbox'). Otherwise just continue,
and I'll forget about whatever was undefined.


./header_common.tex:297: LaTeX Error: \usepackage before \documentclass.

See the LaTeX manual or LaTeX Companion for explanation.
Type  H <return>  for immediate help.
 ...                                              
                                                  
l.297 \usepackage{
                tabularx}
\usepackage may only appear in the document preamble, i.e.,
between \documentclass and \begin{document}.

./header_common.tex:298: Undefined control sequence.
l.298 \definecolor
                {graycell}{gray}{0.75}
The control sequence at the end of the top line
of your error message was never \def'ed. If you have
misspelled it (e.g., `\hobx'), type `I' and the correct
spelling (e.g., `I\hbox'). Otherwise just continue,
and I'll forget about whatever was undefined.

./header_common.tex:299: Undefined control sequence.
l.299 \definecolor
                {graycol}{gray}{0.75}
The control sequence at the end of the top line
of your error message was never \def'ed. If you have
misspelled it (e.g., `\hobx'), type `I' and the correct
spelling (e.g., `I\hbox'). Otherwise just continue,
and I'll forget about whatever was undefined.

./header_common.tex:301: Undefined control sequence.
l.301 \newcolumntype
                  {M}{>{\Centering$}X<{$}}
The control sequence at the end of the top line
of your error message was never \def'ed. If you have
misspelled it (e.g., `\hobx'), type `I' and the correct
spelling (e.g., `I\hbox'). Otherwise just continue,
and I'll forget about whatever was undefined.

./header_common.tex:301: Undefined control sequence.
l.301 \newcolumntype{M}{>{\Centering
                                  $}X<{$}}
The control sequence at the end of the top line
of your error message was never \def'ed. If you have
misspelled it (e.g., `\hobx'), type `I' and the correct
spelling (e.g., `I\hbox'). Otherwise just continue,
and I'll forget about whatever was undefined.

./header_common.tex:301: Extra }, or forgotten $.
<recently read> }
 
l.301 \newcolumntype{M}{>{\Centering$}
                                    X<{$}}
I've deleted a group-closing symbol because it seems to be
spurious, as in `$x}$'. But perhaps the } is legitimate and
you forgot something else, as in `\hbox{$x}'. In such cases
the way to recover is to insert both the forgotten and the
deleted material, e.g., by typing `I$}'.

./header_common.tex:301: Missing } inserted.
<inserted text> 
}
l.301 \newcolumntype{M}{>{\Centering$}X<{$
                                        }}
I've inserted something that you may have forgotten.
(See the <inserted text> above.)
With luck, this will get me unwedged. But if you
really didn't forget anything, try typing `2' now; then
my insertion and my current dilemma will both disappear.

./header_common.tex:302: Undefined control sequence.
l.302 \newcolumntype
                  {L}{>{\RaggedRight}X<{}}
The control sequence at the end of the top line
of your error message was never \def'ed. If you have
misspelled it (e.g., `\hobx'), type `I' and the correct
spelling (e.g., `I\hbox'). Otherwise just continue,
and I'll forget about whatever was undefined.

./header_common.tex:302: Undefined control sequence.
l.302 \newcolumntype{L}{>{\RaggedRight
                                    }X<{}}
The control sequence at the end of the top line
of your error message was never \def'ed. If you have
misspelled it (e.g., `\hobx'), type `I' and the correct
spelling (e.g., `I\hbox'). Otherwise just continue,
and I'll forget about whatever was undefined.

./header_common.tex:303: Undefined control sequence.
l.303 \newcolumntype
                  {R}{>{\RaggedLeft}X<{}}
The control sequence at the end of the top line
of your error message was never \def'ed. If you have
misspelled it (e.g., `\hobx'), type `I' and the correct
spelling (e.g., `I\hbox'). Otherwise just continue,
and I'll forget about whatever was undefined.

./header_common.tex:303: Undefined control sequence.
l.303 \newcolumntype{R}{>{\RaggedLeft
                                   }X<{}}
The control sequence at the end of the top line
of your error message was never \def'ed. If you have
misspelled it (e.g., `\hobx'), type `I' and the correct
spelling (e.g., `I\hbox'). Otherwise just continue,
and I'll forget about whatever was undefined.

./header_common.tex:304: Undefined control sequence.
l.304 \newcolumntype
                  {C}{>{\Centering}X<{}}
The control sequence at the end of the top line
of your error message was never \def'ed. If you have
misspelled it (e.g., `\hobx'), type `I' and the correct
spelling (e.g., `I\hbox'). Otherwise just continue,
and I'll forget about whatever was undefined.

./header_common.tex:304: Undefined control sequence.
l.304 \newcolumntype{C}{>{\Centering
                                  }X<{}}
The control sequence at the end of the top line
of your error message was never \def'ed. If you have
misspelled it (e.g., `\hobx'), type `I' and the correct
spelling (e.g., `I\hbox'). Otherwise just continue,
and I'll forget about whatever was undefined.

./header_common.tex:305: Undefined control sequence.
l.305 \newcolumntype
                  {G}{>{\columncolor{graycol}}c<{}}
The control sequence at the end of the top line
of your error message was never \def'ed. If you have
misspelled it (e.g., `\hobx'), type `I' and the correct
spelling (e.g., `I\hbox'). Otherwise just continue,
and I'll forget about whatever was undefined.

./header_common.tex:305: Undefined control sequence.
l.305 \newcolumntype{G}{>{\columncolor
                                    {graycol}}c<{}}
The control sequence at the end of the top line
of your error message was never \def'ed. If you have
misspelled it (e.g., `\hobx'), type `I' and the correct
spelling (e.g., `I\hbox'). Otherwise just continue,
and I'll forget about whatever was undefined.

./header_common.tex:308: Undefined control sequence.
l.308 \DeclareMathOperator
                        {\Arg}{Arg}
The control sequence at the end of the top line
of your error message was never \def'ed. If you have
misspelled it (e.g., `\hobx'), type `I' and the correct
spelling (e.g., `I\hbox'). Otherwise just continue,
and I'll forget about whatever was undefined.

./header_common.tex:308: Undefined control sequence.
l.308 \DeclareMathOperator{\Arg
                             }{Arg}
The control sequence at the end of the top line
of your error message was never \def'ed. If you have
misspelled it (e.g., `\hobx'), type `I' and the correct
spelling (e.g., `I\hbox'). Otherwise just continue,
and I'll forget about whatever was undefined.

./header_common.tex:309: Undefined control sequence.
l.309 \DeclareMathOperator
                        {\len}{len}
The control sequence at the end of the top line
of your error message was never \def'ed. If you have
misspelled it (e.g., `\hobx'), type `I' and the correct
spelling (e.g., `I\hbox'). Otherwise just continue,
and I'll forget about whatever was undefined.

./header_common.tex:309: Undefined control sequence.
l.309 \DeclareMathOperator{\len
                             }{len}
The control sequence at the end of the top line
of your error message was never \def'ed. If you have
misspelled it (e.g., `\hobx'), type `I' and the correct
spelling (e.g., `I\hbox'). Otherwise just continue,
and I'll forget about whatever was undefined.

./header_common.tex:311: Undefined control sequence.
l.311 \DeclareMathOperator
                        {\arg}{arg}
The control sequence at the end of the top line
of your error message was never \def'ed. If you have
misspelled it (e.g., `\hobx'), type `I' and the correct
spelling (e.g., `I\hbox'). Otherwise just continue,
and I'll forget about whatever was undefined.

./header_common.tex:312: Undefined control sequence.
l.312 \DeclareMathOperator
                        {\sgn}{sgn}
The control sequence at the end of the top line
of your error message was never \def'ed. If you have
misspelled it (e.g., `\hobx'), type `I' and the correct
spelling (e.g., `I\hbox'). Otherwise just continue,
and I'll forget about whatever was undefined.

./header_common.tex:312: Undefined control sequence.
l.312 \DeclareMathOperator{\sgn
                             }{sgn}
The control sequence at the end of the top line
of your error message was never \def'ed. If you have
misspelled it (e.g., `\hobx'), type `I' and the correct
spelling (e.g., `I\hbox'). Otherwise just continue,
and I'll forget about whatever was undefined.

./header_common.tex:313: Undefined control sequence.
l.313 \DeclareMathOperator
                        {\cotan}{cotan}
The control sequence at the end of the top line
of your error message was never \def'ed. If you have
misspelled it (e.g., `\hobx'), type `I' and the correct
spelling (e.g., `I\hbox'). Otherwise just continue,
and I'll forget about whatever was undefined.

./header_common.tex:313: Undefined control sequence.
l.313 \DeclareMathOperator{\cotan
                               }{cotan}
The control sequence at the end of the top line
of your error message was never \def'ed. If you have
misspelled it (e.g., `\hobx'), type `I' and the correct
spelling (e.g., `I\hbox'). Otherwise just continue,
and I'll forget about whatever was undefined.

./header_common.tex:314: Undefined control sequence.
l.314 \DeclareMathOperator
                        {\arccotan}{arccotan}
The control sequence at the end of the top line
of your error message was never \def'ed. If you have
misspelled it (e.g., `\hobx'), type `I' and the correct
spelling (e.g., `I\hbox'). Otherwise just continue,
and I'll forget about whatever was undefined.

./header_common.tex:314: Undefined control sequence.
l.314 \DeclareMathOperator{\arccotan
                                  }{arccotan}
The control sequence at the end of the top line
of your error message was never \def'ed. If you have
misspelled it (e.g., `\hobx'), type `I' and the correct
spelling (e.g., `I\hbox'). Otherwise just continue,
and I'll forget about whatever was undefined.

./header_common.tex:316: Undefined control sequence.
l.316 \DeclareMathOperator
                        {\Ker}{Ker}
The control sequence at the end of the top line
of your error message was never \def'ed. If you have
misspelled it (e.g., `\hobx'), type `I' and the correct
spelling (e.g., `I\hbox'). Otherwise just continue,
and I'll forget about whatever was undefined.

./header_common.tex:316: Undefined control sequence.
l.316 \DeclareMathOperator{\Ker
                             }{Ker}
The control sequence at the end of the top line
of your error message was never \def'ed. If you have
misspelled it (e.g., `\hobx'), type `I' and the correct
spelling (e.g., `I\hbox'). Otherwise just continue,
and I'll forget about whatever was undefined.

./header_common.tex:317: Undefined control sequence.
l.317 \DeclareMathOperator
                        {\im}{Im}
The control sequence at the end of the top line
of your error message was never \def'ed. If you have
misspelled it (e.g., `\hobx'), type `I' and the correct
spelling (e.g., `I\hbox'). Otherwise just continue,
and I'll forget about whatever was undefined.

./header_common.tex:317: Undefined control sequence.
l.317 \DeclareMathOperator{\im
                            }{Im}
The control sequence at the end of the top line
of your error message was never \def'ed. If you have
misspelled it (e.g., `\hobx'), type `I' and the correct
spelling (e.g., `I\hbox'). Otherwise just continue,
and I'll forget about whatever was undefined.

./header_common.tex:318: Undefined control sequence.
l.318 \DeclareMathOperator
                        {\coker}{Coker}
The control sequence at the end of the top line
of your error message was never \def'ed. If you have
misspelled it (e.g., `\hobx'), type `I' and the correct
spelling (e.g., `I\hbox'). Otherwise just continue,
and I'll forget about whatever was undefined.

./header_common.tex:318: Undefined control sequence.
l.318 \DeclareMathOperator{\coker
                               }{Coker}
The control sequence at the end of the top line
of your error message was never \def'ed. If you have
misspelled it (e.g., `\hobx'), type `I' and the correct
spelling (e.g., `I\hbox'). Otherwise just continue,
and I'll forget about whatever was undefined.

./header_common.tex:319: Undefined control sequence.
l.319 \DeclareMathOperator
                        {\Mat}{Mat}
The control sequence at the end of the top line
of your error message was never \def'ed. If you have
misspelled it (e.g., `\hobx'), type `I' and the correct
spelling (e.g., `I\hbox'). Otherwise just continue,
and I'll forget about whatever was undefined.

./header_common.tex:319: Undefined control sequence.
l.319 \DeclareMathOperator{\Mat
                             }{Mat}
The control sequence at the end of the top line
of your error message was never \def'ed. If you have
misspelled it (e.g., `\hobx'), type `I' and the correct
spelling (e.g., `I\hbox'). Otherwise just continue,
and I'll forget about whatever was undefined.

./header_common.tex:320: Undefined control sequence.
l.320 \DeclareMathOperator
                        {\cov}{Cov}
The control sequence at the end of the top line
of your error message was never \def'ed. If you have
misspelled it (e.g., `\hobx'), type `I' and the correct
spelling (e.g., `I\hbox'). Otherwise just continue,
and I'll forget about whatever was undefined.

./header_common.tex:320: Undefined control sequence.
l.320 \DeclareMathOperator{\cov
                             }{Cov}
The control sequence at the end of the top line
of your error message was never \def'ed. If you have
misspelled it (e.g., `\hobx'), type `I' and the correct
spelling (e.g., `I\hbox'). Otherwise just continue,
and I'll forget about whatever was undefined.

./header_common.tex:322: Undefined control sequence.
l.322 \DeclareMathOperator
                        {\Vect}{Vect}
The control sequence at the end of the top line
of your error message was never \def'ed. If you have
misspelled it (e.g., `\hobx'), type `I' and the correct
spelling (e.g., `I\hbox'). Otherwise just continue,
and I'll forget about whatever was undefined.

./header_common.tex:322: Undefined control sequence.
l.322 \DeclareMathOperator{\Vect
                              }{Vect}
The control sequence at the end of the top line
of your error message was never \def'ed. If you have
misspelled it (e.g., `\hobx'), type `I' and the correct
spelling (e.g., `I\hbox'). Otherwise just continue,
and I'll forget about whatever was undefined.

./header_common.tex:323: Undefined control sequence.
l.323 \DeclareMathOperator
                        {\rg}{rg}
The control sequence at the end of the top line
of your error message was never \def'ed. If you have
misspelled it (e.g., `\hobx'), type `I' and the correct
spelling (e.g., `I\hbox'). Otherwise just continue,
and I'll forget about whatever was undefined.

./header_common.tex:323: Undefined control sequence.
l.323 \DeclareMathOperator{\rg
                            }{rg}
The control sequence at the end of the top line
of your error message was never \def'ed. If you have
misspelled it (e.g., `\hobx'), type `I' and the correct
spelling (e.g., `I\hbox'). Otherwise just continue,
and I'll forget about whatever was undefined.

./header_common.tex:324: Undefined control sequence.
l.324 \DeclareMathOperator
                        {\tr}{Tr}
The control sequence at the end of the top line
of your error message was never \def'ed. If you have
misspelled it (e.g., `\hobx'), type `I' and the correct
spelling (e.g., `I\hbox'). Otherwise just continue,
and I'll forget about whatever was undefined.

./header_common.tex:324: Undefined control sequence.
l.324 \DeclareMathOperator{\tr
                            }{Tr}
The control sequence at the end of the top line
of your error message was never \def'ed. If you have
misspelled it (e.g., `\hobx'), type `I' and the correct
spelling (e.g., `I\hbox'). Otherwise just continue,
and I'll forget about whatever was undefined.

./header_common.tex:325: Undefined control sequence.
l.325 \DeclareMathOperator
                        {\diag}{diag}
The control sequence at the end of the top line
of your error message was never \def'ed. If you have
misspelled it (e.g., `\hobx'), type `I' and the correct
spelling (e.g., `I\hbox'). Otherwise just continue,
and I'll forget about whatever was undefined.

./header_common.tex:325: Undefined control sequence.
l.325 \DeclareMathOperator{\diag
                              }{diag}
The control sequence at the end of the top line
of your error message was never \def'ed. If you have
misspelled it (e.g., `\hobx'), type `I' and the correct
spelling (e.g., `I\hbox'). Otherwise just continue,
and I'll forget about whatever was undefined.

./header_common.tex:326: Undefined control sequence.
l.326 \DeclareMathOperator
                        {\Sp}{Sp}
The control sequence at the end of the top line
of your error message was never \def'ed. If you have
misspelled it (e.g., `\hobx'), type `I' and the correct
spelling (e.g., `I\hbox'). Otherwise just continue,
and I'll forget about whatever was undefined.

./header_common.tex:326: Undefined control sequence.
l.326 \DeclareMathOperator{\Sp
                            }{Sp}
The control sequence at the end of the top line
of your error message was never \def'ed. If you have
misspelled it (e.g., `\hobx'), type `I' and the correct
spelling (e.g., `I\hbox'). Otherwise just continue,
and I'll forget about whatever was undefined.

./header_common.tex:327: Undefined control sequence.
l.327 \DeclareMathOperator
                        {\spectre}{Sp}
(That makes 100 errors; please try again.)

Here is how much of LuaTeX's memory you used:
 107 strings out of 480885
 100000,319454 words of node,token memory allocated
 12021 words of node memory still in use:
   37 hlist, 3 local_par, 1 dir, 4 math, 17 glue, 4 kern, 4 penalty, 1525 glyph,
 137 attribute, 39 glue_spec, 137 attribute_list, 1 temp nodes
   avail lists: 3:45,4:5,5:4,8:41,9:1,10:4
 17833 multiletter control sequences out of 65536+600000
 35 fonts using 3811323 bytes
 21i,5n,19p,237b,94s stack positions out of 5000i,500n,10000p,200000b,100000s
./header_common.tex:327:  ==> Fatal error occurred, no output PDF file produced!

